/home/adityars/picaso
node067
Sun Mar 30 23:15:19 PDT 2025
fsed = 3, effective temperature = 1100 K, nstr_upper = 55
Cloudy functionality still in beta form and not ready for public use.
1 [ 0 55 89  0  0  0] 10 10.0 7.0 1 0.0 91 [ 546.66        548.09        549.62        550.74        551.72
  552.92        554.3         555.93        557.83        560.13
  562.8         566.47        569.8         579.09        590.01
  598.1         602.61        605.92        609.74        613.8
  618.16        622.82        627.74        632.92        638.37
  644.09        650.56        657.5         664.24        670.71
  677.03        683.3         689.59        695.99        702.48
  709.28        716.56        724.38        732.82        741.95
  751.78        762.57        774.46        787.39        801.45
  816.52        832.58        849.76        868.39        888.68
  910.75        934.49        960.42        988.91       1020.81
 1055.46       1119.47683066 1186.87813924 1257.70455871 1332.08946693
 1410.0504377  1491.71644082 1577.00308361 1666.03923327 1758.39124681
 1854.17037679 1952.26243886 2052.57337406 2153.75316235 2254.86784516
 2356.00096628 2455.07707956 2552.61312733 2648.76216424 2743.24163109
 2836.22222222 2928.17143918 3020.11537188 3111.85958617 3203.29984937
 3295.35802382 3388.9742289  3483.88224634 3579.87917824 3677.50777132
 3778.14707022 3881.48118946 3987.39545197 4095.79207899 4209.86599681
 4329.9835601 ] [1.00000000e-06 1.22712524e-06 1.50583635e-06 1.84784980e-06
 2.26754313e-06 2.78255940e-06 3.41454887e-06 4.19007911e-06
 5.14175183e-06 6.30957344e-06 7.74263683e-06 9.50118507e-06
 1.16591440e-05 1.43072299e-05 1.75567629e-05 2.15443469e-05
 2.64376119e-05 3.24422608e-05 3.98107171e-05 4.88527357e-05
 5.99484250e-05 7.35642254e-05 9.02725178e-05 1.10775685e-04
 1.35935639e-04 1.66810054e-04 2.04696827e-04 2.51188643e-04
 3.08239924e-04 3.78248991e-04 4.64158883e-04 5.69581081e-04
 6.98947321e-04 8.57695899e-04 1.05250029e-03 1.29154967e-03
 1.58489319e-03 1.94486244e-03 2.38658979e-03 2.92864456e-03
 3.59381366e-03 4.41005945e-03 5.41169527e-03 6.64082785e-03
 8.14912747e-03 1.00000000e-02 1.22712524e-02 1.50583635e-02
 1.84784980e-02 2.26754313e-02 2.78255940e-02 3.41454887e-02
 4.19007911e-02 5.14175183e-02 6.30957344e-02 7.74263683e-02
 9.50118507e-02 1.16591440e-01 1.43072299e-01 1.75567629e-01
 2.15443469e-01 2.64376119e-01 3.24422608e-01 3.98107171e-01
 4.88527357e-01 5.99484250e-01 7.35642254e-01 9.02725178e-01
 1.10775685e+00 1.35935639e+00 1.66810054e+00 2.04696827e+00
 2.51188643e+00 3.08239924e+00 3.78248991e+00 4.64158883e+00
 5.69581081e+00 6.98947321e+00 8.57695899e+00 1.05250029e+01
 1.29154967e+01 1.58489319e+01 1.94486244e+01 2.38658979e+01
 2.92864456e+01 3.59381366e+01 4.41005945e+01 5.41169527e+01
 6.64082785e+01 8.14912747e+01 1.00000000e+02] [-2.  -1.8 -1.6 -1.4 -1.2 -1.  -0.8 -0.6 -0.4 -0.2  0.   0.2  0.4  0.6
  0.8  1.   1.2  1.4  1.6  1.8  2.   2.2  2.4  2.6  2.8  3. ] [1.   1.05 1.1  1.15 1.2  1.25 1.3  1.35 1.4  1.45 1.5  1.55 1.6  1.65
 1.7  1.75 1.8  1.85 1.9  1.95 2.   2.05 2.1  2.15 2.2  2.25 2.3  2.35
 2.4  2.45 2.5  2.55 2.6  2.65 2.7  2.75 2.8  2.85 2.9  2.95 3.   3.05
 3.1  3.15 3.2  3.25 3.3  3.35 3.4  3.45 3.5  3.55 3.6 ] [[0.39999 0.39999 0.39999 ... 0.39999 0.39999 0.39999]
 [0.39993 0.39993 0.39993 ... 0.39993 0.39993 0.39993]
 [0.39971 0.39971 0.39971 ... 0.39971 0.39971 0.39971]
 ...
 [0.09143 0.08541 0.08188 ... 0.20384 0.20891 0.21321]
 [0.18692 0.1575  0.13443 ... 0.18192 0.18889 0.1951 ]
 [0.32886 0.30075 0.26776 ... 0.16257 0.17024 0.1775 ]] [[7.94836 7.94836 7.94836 ... 7.94836 7.94836 7.94836]
 [7.94843 7.94843 7.94843 ... 7.94843 7.94843 7.94843]
 [7.94867 7.94867 7.94867 ... 7.94867 7.94867 7.94867]
 ...
 [9.16525 9.23068 9.26647 ... 8.2648  8.24937 8.23671]
 [8.63979 8.75361 8.86933 ... 8.34392 8.31716 8.29463]
 [8.31652 8.36576 8.43167 ... 8.4449  8.40533 8.37095]] [-82995436.7 -82995436.7 -82995436.7 -82995436.7 -82995436.7 -82995436.7
 -82995436.7 -82995436.7 -82995436.7 -82995436.7 -82995436.7 -82995436.7
 -82995436.7 -82995436.7 -82995436.7 -82995436.7 -82995436.7 -82995436.7
 -82995436.7 -82995436.7 -82995436.7 -82995436.7 -82995436.7 -82995436.7
 -82995436.7 -82995436.7 -82995436.7 -82995436.7 -82995436.7 -82995436.7
 -82995436.7 -82995436.7 -82995436.7 -82995436.7 -82995436.7 -82995436.7
 -82995436.7 -82995436.7 -82995436.7 -82995436.7 -82995436.7 -82995436.7
 -82995436.7 -82995436.7 -82995436.7 -82995436.7 -82995436.7 -82995436.7
 -82995436.7 -82995436.7 -82995436.7 -82995436.7 -82995436.7 -82995436.7
 -82995436.7 -82995436.7 -82995436.7 -82995436.7 -82995436.7 -82995436.7
 -82995436.7 -82995436.7 -82995436.7 -82995436.7 -82995436.7 -82995436.7
 -82995436.7 -82995436.7 -82995436.7 -82995436.7 -82995436.7 -82995436.7
 -82995436.7 -82995436.7 -82995436.7 -82995436.7 -82995436.7 -82995436.7
 -82995436.7 -82995436.7 -82995436.7 -82995436.7 -82995436.7 -82995436.7
 -82995436.7 -82995436.7 -82995436.7 -82995436.7 -82995436.7 -82995436.7
 -82995436.7] 52.5 5200.0 [  26.3    29.9    30.6    36.2    63.6    39.     46.6    67.4    64.4
   65.2    31.9    36.3    41.6    48.1    56.4    43.3    48.9    55.6
   47.     52.4    58.9    32.2    34.4    49.4    33.2    57.4    23.
   30.4    31.9    42.7    35.8    37.8    52.9    38.3    30.1    76.1
   46.2    46.     36.2    80.5    48.3    32.5    52.8    63.2    33.6
   12.4    14.4    26.5    18.2    16.1    37.3    60.     50.     50.
   59.4    90.4    64.1    67.5    71.1    55.9    58.3    59.1    65.2
   64.     35.85   35.85   36.35   36.35   38.1    38.1    31.85   31.85
   55.65   55.65   74.6    74.6    75.     75.     75.     75.     71.3
   71.3    74.1    74.1    72.     72.     72.2    71.5    71.5    54.15
   54.15   31.85   31.85   16.95   16.95   50.9    50.9    47.15   47.15
   49.     49.     90.65   90.65   74.35   74.35   75.     75.     75.6
   72.2    72.2    91.2    91.2    58.8    58.8    50.     50.     89.3
   90.     70.1    63.2    59.     64.2    64.2    80.     80.     80.
   90.     90.     85.     75.     65.     65.    104.4   104.4   131.65
  131.65  108.95  108.95  115.25  115.25  122.05  122.05  156.35  156.35
  193.5   193.5   165.7   165.7   227.25  227.25  159.7   159.7   213.6
  202.     80.7   213.1   146.9   163.5   194.9   120.1   241.    265.8
   78.4   300.4   238.9   248.1   170.9   264.9   219.8   158.1   399.8
  298.6   538.5   347.    363.4   352.5   239.4   410.5   343.6   388.5
  406.6   459.5   551.4   405.    884.8   862.8   925.4  1010.5   992.3
 1019.2  1666.65 1904.75 2197.8  2564.1  3030.35 1936.35] 0 0 0 [[[1.87836419e-14 8.92040513e-14 6.32713325e-13 ... 1.93939469e-10
   9.17488961e-10 1.21106137e-08]
  [6.10841066e-14 3.76375210e-13 2.55425486e-12 ... 9.55468130e-10
   4.30749407e-09 7.92426476e-08]
  [1.42344644e-13 7.55583305e-13 5.08769886e-12 ... 1.94564809e-09
   9.33793512e-09 1.65116008e-07]
  ...
  [3.40392221e-09 3.40392253e-09 3.40392339e-09 ... 3.40393432e-09
   3.40394391e-09 3.40399532e-09]
  [4.91159555e-09 4.91159572e-09 4.91159614e-09 ... 4.91160069e-09
   4.91160377e-09 4.91161578e-09]
  [6.67293956e-09 6.67293964e-09 6.67293981e-09 ... 6.67294137e-09
   6.67294220e-09 6.67294505e-09]]

 [[1.42795454e-14 6.72000792e-14 4.70674222e-13 ... 1.44095805e-10
   6.87259576e-10 8.69339677e-09]
  [4.66604146e-14 2.83470197e-13 1.89017257e-12 ... 7.21299376e-10
   3.18743958e-09 5.47885572e-08]
  [1.09683057e-13 5.67360109e-13 3.77623139e-12 ... 1.44564367e-09
   6.97187088e-09 1.13052370e-07]
  ...
  [2.08884616e-09 2.08884637e-09 2.08884693e-09 ... 2.08885392e-09
   2.08886006e-09 2.08889276e-09]
  [3.01402958e-09 3.01402969e-09 3.01402996e-09 ... 3.01403287e-09
   3.01403485e-09 3.01404254e-09]
  [4.09487167e-09 4.09487172e-09 4.09487183e-09 ... 4.09487283e-09
   4.09487336e-09 4.09487518e-09]]

 [[2.15873982e-14 1.01491278e-13 7.04254637e-13 ... 2.17169271e-10
   1.04791957e-09 1.29314113e-08]
  [7.10353844e-14 4.28856393e-13 2.82211287e-12 ... 1.10443805e-09
   4.81456210e-09 7.85588935e-08]
  [1.68734565e-13 8.59210063e-13 5.66432366e-12 ... 2.18795590e-09
   1.06656488e-08 1.61140729e-07]
  ...
  [2.56368551e-09 2.56368578e-09 2.56368649e-09 ... 2.56369549e-09
   2.56370337e-09 2.56374508e-09]
  [3.69915733e-09 3.69915748e-09 3.69915782e-09 ... 3.69916157e-09
   3.69916410e-09 3.69917399e-09]
  [5.02565601e-09 5.02565608e-09 5.02565622e-09 ... 5.02565752e-09
   5.02565821e-09 5.02566057e-09]]

 ...

 [[5.53171450e+00 7.60439740e+00 1.02420408e+01 ... 1.41618576e+01
   1.45159304e+01 1.50082425e+01]
  [1.53329146e+01 1.77716130e+01 2.34006027e+01 ... 3.01277445e+01
   3.07674826e+01 3.26222891e+01]
  [2.89594176e+01 3.40377615e+01 3.72182574e+01 ... 4.71843724e+01
   4.81791228e+01 4.99587674e+01]
  ...
  [7.09277244e+02 1.12385892e+03 4.44112610e+03 ... 1.09604658e+05
   1.83419172e+05 3.31407308e+05]
  [1.67846183e+03 3.96475799e+03 1.05218012e+04 ... 7.38485251e+04
   9.27495183e+04 1.13843586e+05]
  [2.93118129e+03 4.58114088e+03 8.09699528e+03 ... 1.52346464e+05
   2.24467664e+05 2.66563727e+05]]

 [[8.30794148e+00 1.05383298e+01 1.33507412e+01 ... 1.74949348e+01
   1.77705133e+01 1.82043643e+01]
  [1.88930298e+01 2.14335356e+01 2.76551341e+01 ... 3.48914732e+01
   3.54455770e+01 3.67730650e+01]
  [3.43165416e+01 4.00543824e+01 4.34996489e+01 ... 5.49252731e+01
   5.56468108e+01 5.70193643e+01]
  ...
  [1.02530478e+03 1.53857420e+03 5.91552155e+03 ... 1.36187036e+05
   2.18819510e+05 3.39261698e+05]
  [2.33798764e+03 5.33921382e+03 1.34601396e+04 ... 8.56768058e+04
   1.03632856e+05 1.21779470e+05]
  [4.00648169e+03 6.06787274e+03 1.03600992e+04 ... 1.79884463e+05
   2.43787563e+05 2.77296433e+05]]

 [[2.54370646e+01 2.96501209e+01 3.52177423e+01 ... 4.36304629e+01
   4.39006101e+01 4.45056127e+01]
  [4.67462953e+01 5.18236708e+01 6.55125444e+01 ... 8.10988848e+01
   8.18054372e+01 8.32013493e+01]
  [8.12406827e+01 9.40944798e+01 1.01467240e+02 ... 1.28067355e+02
   1.28722313e+02 1.30277370e+02]
  ...
  [2.93787511e+03 4.17366496e+03 1.56518183e+04 ... 3.35936004e+05
   5.22608047e+05 6.92036046e+05]
  [6.45401786e+03 1.43190824e+04 3.42629278e+04 ... 1.98261605e+05
   2.30181226e+05 2.59378756e+05]
  [1.08776035e+04 1.60181630e+04 2.61664800e+04 ... 4.24808621e+05
   5.28365101e+05 5.74837546e+05]]] [[[0.00000000e+00 0.00000000e+00 0.00000000e+00 ... 0.00000000e+00
   0.00000000e+00 0.00000000e+00]
  [0.00000000e+00 0.00000000e+00 0.00000000e+00 ... 0.00000000e+00
   0.00000000e+00 0.00000000e+00]
  [0.00000000e+00 0.00000000e+00 0.00000000e+00 ... 0.00000000e+00
   0.00000000e+00 0.00000000e+00]
  ...
  [0.00000000e+00 0.00000000e+00 0.00000000e+00 ... 0.00000000e+00
   0.00000000e+00 0.00000000e+00]
  [0.00000000e+00 0.00000000e+00 0.00000000e+00 ... 0.00000000e+00
   0.00000000e+00 0.00000000e+00]
  [0.00000000e+00 0.00000000e+00 0.00000000e+00 ... 0.00000000e+00
   0.00000000e+00 0.00000000e+00]]

 [[1.87836419e-14 8.92040513e-14 6.32713325e-13 ... 1.93939469e-10
   9.17488961e-10 1.21106137e-08]
  [6.10841066e-14 3.76375210e-13 2.55425486e-12 ... 9.55468130e-10
   4.30749407e-09 7.92426476e-08]
  [1.42344644e-13 7.55583305e-13 5.08769886e-12 ... 1.94564809e-09
   9.33793512e-09 1.65116008e-07]
  ...
  [3.40392221e-09 3.40392253e-09 3.40392339e-09 ... 3.40393432e-09
   3.40394391e-09 3.40399532e-09]
  [4.91159555e-09 4.91159572e-09 4.91159614e-09 ... 4.91160069e-09
   4.91160377e-09 4.91161578e-09]
  [6.67293956e-09 6.67293964e-09 6.67293981e-09 ... 6.67294137e-09
   6.67294220e-09 6.67294505e-09]]

 [[3.30631873e-14 1.56404130e-13 1.10338755e-12 ... 3.38035274e-10
   1.60474854e-09 2.08040105e-08]
  [1.07744521e-13 6.59845407e-13 4.44442743e-12 ... 1.67676751e-09
   7.49493366e-09 1.34031205e-07]
  [2.52027701e-13 1.32294341e-12 8.86393025e-12 ... 3.39129176e-09
   1.63098060e-08 2.78168377e-07]
  ...
  [5.49276837e-09 5.49276891e-09 5.49277032e-09 ... 5.49278824e-09
   5.49280397e-09 5.49288808e-09]
  [7.92562513e-09 7.92562542e-09 7.92562610e-09 ... 7.92563356e-09
   7.92563862e-09 7.92565832e-09]
  [1.07678112e-08 1.07678114e-08 1.07678116e-08 ... 1.07678142e-08
   1.07678156e-08 1.07678202e-08]]

 ...

 [[2.27221378e+01 3.74774327e+01 5.81798095e+01 ... 1.26973647e+02
   1.54138700e+02 2.22620601e+02]
  [8.56758300e+01 1.11869324e+02 1.60055315e+02 ... 3.04376600e+02
   3.60733517e+02 5.00585102e+02]
  [1.64200673e+02 2.06461641e+02 2.52739554e+02 ... 4.54517581e+02
   5.30274215e+02 7.38861457e+02]
  ...
  [2.18021411e+03 3.76616885e+03 1.68412470e+04 ... 5.62476980e+05
   1.06929300e+06 3.43514322e+06]
  [5.60152539e+03 1.43301656e+04 4.39398777e+04 ... 4.63011428e+05
   6.91247758e+05 1.25994371e+06]
  [1.01193040e+04 1.74036093e+04 3.44162175e+04 ... 8.55599147e+05
   1.56370227e+06 2.76034205e+06]]

 [[3.10300793e+01 4.80157626e+01 7.15305507e+01 ... 1.44468582e+02
   1.71909213e+02 2.40824965e+02]
  [1.04568860e+02 1.33302860e+02 1.87710449e+02 ... 3.39268073e+02
   3.96179094e+02 5.37358167e+02]
  [1.98517215e+02 2.46516023e+02 2.96239203e+02 ... 5.09442854e+02
   5.85921026e+02 7.95880821e+02]
  ...
  [3.20551889e+03 5.30474305e+03 2.27567685e+04 ... 6.98664016e+05
   1.28811251e+06 3.77440492e+06]
  [7.93951303e+03 1.96693794e+04 5.74000173e+04 ... 5.48688234e+05
   7.94880614e+05 1.38172318e+06]
  [1.41257857e+04 2.34714820e+04 4.47763167e+04 ... 1.03548361e+06
   1.80748983e+06 3.03763849e+06]]

 [[5.64671438e+01 7.76658835e+01 1.06748293e+02 ... 1.88099045e+02
   2.15809823e+02 2.85330578e+02]
  [1.51315155e+02 1.85126531e+02 2.53222993e+02 ... 4.20366958e+02
   4.77984531e+02 6.20559517e+02]
  [2.79757897e+02 3.40610503e+02 3.97706442e+02 ... 6.37510208e+02
   7.14643339e+02 9.26158191e+02]
  ...
  [6.14339400e+03 9.47840801e+03 3.84085868e+04 ... 1.03460002e+06
   1.81072055e+06 4.46644097e+06]
  [1.43935309e+04 3.39884618e+04 9.16629451e+04 ... 7.46949840e+05
   1.02506184e+06 1.64110193e+06]
  [2.50033892e+04 3.94896450e+04 7.09427967e+04 ... 1.46029223e+06
   2.33585493e+06 3.61247603e+06]]] [[[5.41449654e-07 1.14012719e-07 1.60742567e-08 ... 5.24410862e-11
   1.10850341e-11 8.39791992e-13]
  [1.20256981e-06 1.95172000e-07 2.87590340e-08 ... 7.68815831e-11
   1.70535121e-11 9.26999597e-13]
  [2.09731827e-06 3.95114637e-07 5.86791851e-08 ... 1.53440915e-10
   3.19708821e-11 1.80807438e-12]
  ...
  [9.99989941e-01 9.99989845e-01 9.99989592e-01 ... 9.99986383e-01
   9.99983566e-01 9.99968462e-01]
  [9.99989975e-01 9.99989939e-01 9.99989854e-01 ... 9.99988928e-01
   9.99988300e-01 9.99985855e-01]
  [9.99989989e-01 9.99989976e-01 9.99989950e-01 ... 9.99989716e-01
   9.99989592e-01 9.99989166e-01]]

 [[4.37034122e-07 9.28666850e-08 1.32589556e-08 ... 4.33090233e-11
   9.08048254e-12 7.17860780e-13]
  [9.66010344e-07 1.59009461e-07 2.38467343e-08 ... 6.24906171e-11
   1.41412698e-11 8.22698122e-13]
  [1.67015883e-06 3.22878049e-07 4.85108317e-08 ... 1.26717343e-10
   2.62753181e-11 1.62038289e-12]
  ...
  [9.99989938e-01 9.99989837e-01 9.99989572e-01 ... 9.99986223e-01
   9.99983286e-01 9.99967630e-01]
  [9.99989973e-01 9.99989935e-01 9.99989847e-01 ... 9.99988880e-01
   9.99988226e-01 9.99985675e-01]
  [9.99989988e-01 9.99989975e-01 9.99989948e-01 ... 9.99989704e-01
   9.99989574e-01 9.99989130e-01]]

 [[3.54773330e-07 7.54609983e-08 1.08748069e-08 ... 3.52657313e-11
   7.30841697e-12 5.92250371e-13]
  [7.78712551e-07 1.28985241e-07 1.96009685e-08 ... 5.00853313e-11
   1.14893409e-11 7.04136004e-13]
  [1.33233919e-06 2.61649255e-07 3.96890585e-08 ... 1.02749636e-10
   2.10781058e-11 1.39512632e-12]
  ...
  [9.99989934e-01 9.99989829e-01 9.99989550e-01 ... 9.99986042e-01
   9.99982968e-01 9.99966699e-01]
  [9.99989972e-01 9.99989932e-01 9.99989839e-01 ... 9.99988827e-01
   9.99988141e-01 9.99985469e-01]
  [9.99989987e-01 9.99989973e-01 9.99989945e-01 ... 9.99989687e-01
   9.99989550e-01 9.99989080e-01]]

 ...

 [[4.38580660e-14 3.19039481e-14 2.36876912e-14 ... 1.71312484e-14
   1.67133827e-14 1.61651372e-14]
  [1.14283928e-13 9.86013879e-14 7.48829305e-14 ... 5.81625253e-14
   5.69531712e-14 5.37149830e-14]
  [2.45916120e-13 2.09226086e-13 1.91346616e-13 ... 1.50931066e-13
   1.47814804e-13 1.42549306e-13]
  ...
  [1.14392477e-04 7.21940978e-05 1.82692360e-05 ... 7.40260335e-07
   4.42352779e-07 2.44822545e-07]
  [6.97393983e-05 2.95238494e-05 1.11249885e-05 ... 1.58506778e-06
   1.26205419e-06 1.02820828e-06]
  [5.42470484e-05 3.47092433e-05 1.96378938e-05 ... 1.04372579e-06
   7.08377903e-07 5.96510017e-07]]

 [[3.53694654e-14 2.78836830e-14 2.20098228e-14 ... 1.67961443e-14
   1.65356759e-14 1.61415935e-14]
  [1.12336517e-13 9.90213286e-14 7.67444179e-14 ... 6.08279609e-14
   5.98770664e-14 5.77155362e-14]
  [2.51354114e-13 2.15347320e-13 1.98291346e-13 ... 1.57042531e-13
   1.55006258e-13 1.51274993e-13]
  ...
  [9.58483771e-05 6.38732921e-05 1.66128715e-05 ... 7.21609063e-07
   4.49108945e-07 2.89669597e-07]
  [6.06419256e-05 2.65544848e-05 1.05333285e-05 ... 1.65482444e-06
   1.36809964e-06 1.16423624e-06]
  [4.80709011e-05 3.17401490e-05 1.85900908e-05 ... 1.07066048e-06
   7.90012348e-07 6.94546204e-07]]

 [[2.79961756e-14 2.40181323e-14 2.02210727e-14 ... 1.63220942e-14
   1.62216544e-14 1.60011397e-14]
  [1.10032035e-13 9.92517493e-14 7.85130546e-14 ... 6.34236832e-14
   6.28758938e-14 6.18209923e-14]
  [2.57311812e-13 2.22161676e-13 2.06019080e-13 ... 1.63228071e-13
   1.62397543e-13 1.60459083e-13]
  ...
  [8.10702595e-05 5.70659839e-05 1.52170370e-05 ... 7.08987112e-07
   4.55741734e-07 3.44164583e-07]
  [5.32406294e-05 2.39970665e-05 1.00287977e-05 ... 1.73314431e-06
   1.49280625e-06 1.32476529e-06]
  [4.29112634e-05 2.91401523e-05 1.78385365e-05 ... 1.09878116e-06
   8.83426458e-07 8.12006301e-07]]] [[[0. 0. 0. ... 0. 0. 0.]
  [0. 0. 0. ... 0. 0. 0.]
  [0. 0. 0. ... 0. 0. 0.]
  ...
  [0. 0. 0. ... 0. 0. 0.]
  [0. 0. 0. ... 0. 0. 0.]
  [0. 0. 0. ... 0. 0. 0.]]

 [[0. 0. 0. ... 0. 0. 0.]
  [0. 0. 0. ... 0. 0. 0.]
  [0. 0. 0. ... 0. 0. 0.]
  ...
  [0. 0. 0. ... 0. 0. 0.]
  [0. 0. 0. ... 0. 0. 0.]
  [0. 0. 0. ... 0. 0. 0.]]

 [[0. 0. 0. ... 0. 0. 0.]
  [0. 0. 0. ... 0. 0. 0.]
  [0. 0. 0. ... 0. 0. 0.]
  ...
  [0. 0. 0. ... 0. 0. 0.]
  [0. 0. 0. ... 0. 0. 0.]
  [0. 0. 0. ... 0. 0. 0.]]

 ...

 [[0. 0. 0. ... 0. 0. 0.]
  [0. 0. 0. ... 0. 0. 0.]
  [0. 0. 0. ... 0. 0. 0.]
  ...
  [0. 0. 0. ... 0. 0. 0.]
  [0. 0. 0. ... 0. 0. 0.]
  [0. 0. 0. ... 0. 0. 0.]]

 [[0. 0. 0. ... 0. 0. 0.]
  [0. 0. 0. ... 0. 0. 0.]
  [0. 0. 0. ... 0. 0. 0.]
  ...
  [0. 0. 0. ... 0. 0. 0.]
  [0. 0. 0. ... 0. 0. 0.]
  [0. 0. 0. ... 0. 0. 0.]]

 [[0. 0. 0. ... 0. 0. 0.]
  [0. 0. 0. ... 0. 0. 0.]
  [0. 0. 0. ... 0. 0. 0.]
  ...
  [0. 0. 0. ... 0. 0. 0.]
  [0. 0. 0. ... 0. 0. 0.]
  [0. 0. 0. ... 0. 0. 0.]]] [[[0. 0. 0. ... 0. 0. 0.]
  [0. 0. 0. ... 0. 0. 0.]
  [0. 0. 0. ... 0. 0. 0.]
  ...
  [0. 0. 0. ... 0. 0. 0.]
  [0. 0. 0. ... 0. 0. 0.]
  [0. 0. 0. ... 0. 0. 0.]]

 [[0. 0. 0. ... 0. 0. 0.]
  [0. 0. 0. ... 0. 0. 0.]
  [0. 0. 0. ... 0. 0. 0.]
  ...
  [0. 0. 0. ... 0. 0. 0.]
  [0. 0. 0. ... 0. 0. 0.]
  [0. 0. 0. ... 0. 0. 0.]]

 [[0. 0. 0. ... 0. 0. 0.]
  [0. 0. 0. ... 0. 0. 0.]
  [0. 0. 0. ... 0. 0. 0.]
  ...
  [0. 0. 0. ... 0. 0. 0.]
  [0. 0. 0. ... 0. 0. 0.]
  [0. 0. 0. ... 0. 0. 0.]]

 ...

 [[0. 0. 0. ... 0. 0. 0.]
  [0. 0. 0. ... 0. 0. 0.]
  [0. 0. 0. ... 0. 0. 0.]
  ...
  [0. 0. 0. ... 0. 0. 0.]
  [0. 0. 0. ... 0. 0. 0.]
  [0. 0. 0. ... 0. 0. 0.]]

 [[0. 0. 0. ... 0. 0. 0.]
  [0. 0. 0. ... 0. 0. 0.]
  [0. 0. 0. ... 0. 0. 0.]
  ...
  [0. 0. 0. ... 0. 0. 0.]
  [0. 0. 0. ... 0. 0. 0.]
  [0. 0. 0. ... 0. 0. 0.]]

 [[0. 0. 0. ... 0. 0. 0.]
  [0. 0. 0. ... 0. 0. 0.]
  [0. 0. 0. ... 0. 0. 0.]
  ...
  [0. 0. 0. ... 0. 0. 0.]
  [0. 0. 0. ... 0. 0. 0.]
  [0. 0. 0. ... 0. 0. 0.]]] [[[1. 1. 1. ... 1. 1. 1.]
  [1. 1. 1. ... 1. 1. 1.]
  [1. 1. 1. ... 1. 1. 1.]
  ...
  [1. 1. 1. ... 1. 1. 1.]
  [1. 1. 1. ... 1. 1. 1.]
  [1. 1. 1. ... 1. 1. 1.]]

 [[1. 1. 1. ... 1. 1. 1.]
  [1. 1. 1. ... 1. 1. 1.]
  [1. 1. 1. ... 1. 1. 1.]
  ...
  [1. 1. 1. ... 1. 1. 1.]
  [1. 1. 1. ... 1. 1. 1.]
  [1. 1. 1. ... 1. 1. 1.]]

 [[1. 1. 1. ... 1. 1. 1.]
  [1. 1. 1. ... 1. 1. 1.]
  [1. 1. 1. ... 1. 1. 1.]
  ...
  [1. 1. 1. ... 1. 1. 1.]
  [1. 1. 1. ... 1. 1. 1.]
  [1. 1. 1. ... 1. 1. 1.]]

 ...

 [[1. 1. 1. ... 1. 1. 1.]
  [1. 1. 1. ... 1. 1. 1.]
  [1. 1. 1. ... 1. 1. 1.]
  ...
  [1. 1. 1. ... 1. 1. 1.]
  [1. 1. 1. ... 1. 1. 1.]
  [1. 1. 1. ... 1. 1. 1.]]

 [[1. 1. 1. ... 1. 1. 1.]
  [1. 1. 1. ... 1. 1. 1.]
  [1. 1. 1. ... 1. 1. 1.]
  ...
  [1. 1. 1. ... 1. 1. 1.]
  [1. 1. 1. ... 1. 1. 1.]
  [1. 1. 1. ... 1. 1. 1.]]

 [[1. 1. 1. ... 1. 1. 1.]
  [1. 1. 1. ... 1. 1. 1.]
  [1. 1. 1. ... 1. 1. 1.]
  ...
  [1. 1. 1. ... 1. 1. 1.]
  [1. 1. 1. ... 1. 1. 1.]
  [1. 1. 1. ... 1. 1. 1.]]] [[[0.5 0.5 0.5 ... 0.5 0.5 0.5]
  [0.5 0.5 0.5 ... 0.5 0.5 0.5]
  [0.5 0.5 0.5 ... 0.5 0.5 0.5]
  ...
  [0.5 0.5 0.5 ... 0.5 0.5 0.5]
  [0.5 0.5 0.5 ... 0.5 0.5 0.5]
  [0.5 0.5 0.5 ... 0.5 0.5 0.5]]

 [[0.5 0.5 0.5 ... 0.5 0.5 0.5]
  [0.5 0.5 0.5 ... 0.5 0.5 0.5]
  [0.5 0.5 0.5 ... 0.5 0.5 0.5]
  ...
  [0.5 0.5 0.5 ... 0.5 0.5 0.5]
  [0.5 0.5 0.5 ... 0.5 0.5 0.5]
  [0.5 0.5 0.5 ... 0.5 0.5 0.5]]

 [[0.5 0.5 0.5 ... 0.5 0.5 0.5]
  [0.5 0.5 0.5 ... 0.5 0.5 0.5]
  [0.5 0.5 0.5 ... 0.5 0.5 0.5]
  ...
  [0.5 0.5 0.5 ... 0.5 0.5 0.5]
  [0.5 0.5 0.5 ... 0.5 0.5 0.5]
  [0.5 0.5 0.5 ... 0.5 0.5 0.5]]

 ...

 [[0.5 0.5 0.5 ... 0.5 0.5 0.5]
  [0.5 0.5 0.5 ... 0.5 0.5 0.5]
  [0.5 0.5 0.5 ... 0.5 0.5 0.5]
  ...
  [0.5 0.5 0.5 ... 0.5 0.5 0.5]
  [0.5 0.5 0.5 ... 0.5 0.5 0.5]
  [0.5 0.5 0.5 ... 0.5 0.5 0.5]]

 [[0.5 0.5 0.5 ... 0.5 0.5 0.5]
  [0.5 0.5 0.5 ... 0.5 0.5 0.5]
  [0.5 0.5 0.5 ... 0.5 0.5 0.5]
  ...
  [0.5 0.5 0.5 ... 0.5 0.5 0.5]
  [0.5 0.5 0.5 ... 0.5 0.5 0.5]
  [0.5 0.5 0.5 ... 0.5 0.5 0.5]]

 [[0.5 0.5 0.5 ... 0.5 0.5 0.5]
  [0.5 0.5 0.5 ... 0.5 0.5 0.5]
  [0.5 0.5 0.5 ... 0.5 0.5 0.5]
  ...
  [0.5 0.5 0.5 ... 0.5 0.5 0.5]
  [0.5 0.5 0.5 ... 0.5 0.5 0.5]
  [0.5 0.5 0.5 ... 0.5 0.5 0.5]]] [[[1.87836419e-14 8.92040513e-14 6.32713325e-13 ... 1.93939469e-10
   9.17488961e-10 1.21106137e-08]
  [6.10841066e-14 3.76375210e-13 2.55425486e-12 ... 9.55468130e-10
   4.30749407e-09 7.92426476e-08]
  [1.42344644e-13 7.55583305e-13 5.08769886e-12 ... 1.94564809e-09
   9.33793512e-09 1.65116008e-07]
  ...
  [3.40392221e-09 3.40392253e-09 3.40392339e-09 ... 3.40393432e-09
   3.40394391e-09 3.40399532e-09]
  [4.91159555e-09 4.91159572e-09 4.91159614e-09 ... 4.91160069e-09
   4.91160377e-09 4.91161578e-09]
  [6.67293956e-09 6.67293964e-09 6.67293981e-09 ... 6.67294137e-09
   6.67294220e-09 6.67294505e-09]]

 [[1.42795454e-14 6.72000792e-14 4.70674222e-13 ... 1.44095805e-10
   6.87259576e-10 8.69339677e-09]
  [4.66604146e-14 2.83470197e-13 1.89017257e-12 ... 7.21299376e-10
   3.18743958e-09 5.47885572e-08]
  [1.09683057e-13 5.67360109e-13 3.77623139e-12 ... 1.44564367e-09
   6.97187088e-09 1.13052370e-07]
  ...
  [2.08884616e-09 2.08884637e-09 2.08884693e-09 ... 2.08885392e-09
   2.08886006e-09 2.08889276e-09]
  [3.01402958e-09 3.01402969e-09 3.01402996e-09 ... 3.01403287e-09
   3.01403485e-09 3.01404254e-09]
  [4.09487167e-09 4.09487172e-09 4.09487183e-09 ... 4.09487283e-09
   4.09487336e-09 4.09487518e-09]]

 [[2.15873982e-14 1.01491278e-13 7.04254637e-13 ... 2.17169271e-10
   1.04791957e-09 1.29314113e-08]
  [7.10353844e-14 4.28856393e-13 2.82211287e-12 ... 1.10443805e-09
   4.81456210e-09 7.85588935e-08]
  [1.68734565e-13 8.59210063e-13 5.66432366e-12 ... 2.18795590e-09
   1.06656488e-08 1.61140729e-07]
  ...
  [2.56368551e-09 2.56368578e-09 2.56368649e-09 ... 2.56369549e-09
   2.56370337e-09 2.56374508e-09]
  [3.69915733e-09 3.69915748e-09 3.69915782e-09 ... 3.69916157e-09
   3.69916410e-09 3.69917399e-09]
  [5.02565601e-09 5.02565608e-09 5.02565622e-09 ... 5.02565752e-09
   5.02565821e-09 5.02566057e-09]]

 ...

 [[5.53171450e+00 7.60439740e+00 1.02420408e+01 ... 1.41618576e+01
   1.45159304e+01 1.50082425e+01]
  [1.53329146e+01 1.77716130e+01 2.34006027e+01 ... 3.01277445e+01
   3.07674826e+01 3.26222891e+01]
  [2.89594176e+01 3.40377615e+01 3.72182574e+01 ... 4.71843724e+01
   4.81791228e+01 4.99587674e+01]
  ...
  [7.09277244e+02 1.12385892e+03 4.44112610e+03 ... 1.09604658e+05
   1.83419172e+05 3.31407308e+05]
  [1.67846183e+03 3.96475799e+03 1.05218012e+04 ... 7.38485251e+04
   9.27495183e+04 1.13843586e+05]
  [2.93118129e+03 4.58114088e+03 8.09699528e+03 ... 1.52346464e+05
   2.24467664e+05 2.66563727e+05]]

 [[8.30794148e+00 1.05383298e+01 1.33507412e+01 ... 1.74949348e+01
   1.77705133e+01 1.82043643e+01]
  [1.88930298e+01 2.14335356e+01 2.76551341e+01 ... 3.48914732e+01
   3.54455770e+01 3.67730650e+01]
  [3.43165416e+01 4.00543824e+01 4.34996489e+01 ... 5.49252731e+01
   5.56468108e+01 5.70193643e+01]
  ...
  [1.02530478e+03 1.53857420e+03 5.91552155e+03 ... 1.36187036e+05
   2.18819510e+05 3.39261698e+05]
  [2.33798764e+03 5.33921382e+03 1.34601396e+04 ... 8.56768058e+04
   1.03632856e+05 1.21779470e+05]
  [4.00648169e+03 6.06787274e+03 1.03600992e+04 ... 1.79884463e+05
   2.43787563e+05 2.77296433e+05]]

 [[2.54370646e+01 2.96501209e+01 3.52177423e+01 ... 4.36304629e+01
   4.39006101e+01 4.45056127e+01]
  [4.67462953e+01 5.18236708e+01 6.55125444e+01 ... 8.10988848e+01
   8.18054372e+01 8.32013493e+01]
  [8.12406827e+01 9.40944798e+01 1.01467240e+02 ... 1.28067355e+02
   1.28722313e+02 1.30277370e+02]
  ...
  [2.93787511e+03 4.17366496e+03 1.56518183e+04 ... 3.35936004e+05
   5.22608047e+05 6.92036046e+05]
  [6.45401786e+03 1.43190824e+04 3.42629278e+04 ... 1.98261605e+05
   2.30181226e+05 2.59378756e+05]
  [1.08776035e+04 1.60181630e+04 2.61664800e+04 ... 4.24808621e+05
   5.28365101e+05 5.74837546e+05]]] [[[0.00000000e+00 0.00000000e+00 0.00000000e+00 ... 0.00000000e+00
   0.00000000e+00 0.00000000e+00]
  [0.00000000e+00 0.00000000e+00 0.00000000e+00 ... 0.00000000e+00
   0.00000000e+00 0.00000000e+00]
  [0.00000000e+00 0.00000000e+00 0.00000000e+00 ... 0.00000000e+00
   0.00000000e+00 0.00000000e+00]
  ...
  [0.00000000e+00 0.00000000e+00 0.00000000e+00 ... 0.00000000e+00
   0.00000000e+00 0.00000000e+00]
  [0.00000000e+00 0.00000000e+00 0.00000000e+00 ... 0.00000000e+00
   0.00000000e+00 0.00000000e+00]
  [0.00000000e+00 0.00000000e+00 0.00000000e+00 ... 0.00000000e+00
   0.00000000e+00 0.00000000e+00]]

 [[1.87836419e-14 8.92040513e-14 6.32713325e-13 ... 1.93939469e-10
   9.17488961e-10 1.21106137e-08]
  [6.10841066e-14 3.76375210e-13 2.55425486e-12 ... 9.55468130e-10
   4.30749407e-09 7.92426476e-08]
  [1.42344644e-13 7.55583305e-13 5.08769886e-12 ... 1.94564809e-09
   9.33793512e-09 1.65116008e-07]
  ...
  [3.40392221e-09 3.40392253e-09 3.40392339e-09 ... 3.40393432e-09
   3.40394391e-09 3.40399532e-09]
  [4.91159555e-09 4.91159572e-09 4.91159614e-09 ... 4.91160069e-09
   4.91160377e-09 4.91161578e-09]
  [6.67293956e-09 6.67293964e-09 6.67293981e-09 ... 6.67294137e-09
   6.67294220e-09 6.67294505e-09]]

 [[3.30631873e-14 1.56404130e-13 1.10338755e-12 ... 3.38035274e-10
   1.60474854e-09 2.08040105e-08]
  [1.07744521e-13 6.59845407e-13 4.44442743e-12 ... 1.67676751e-09
   7.49493366e-09 1.34031205e-07]
  [2.52027701e-13 1.32294341e-12 8.86393025e-12 ... 3.39129176e-09
   1.63098060e-08 2.78168377e-07]
  ...
  [5.49276837e-09 5.49276891e-09 5.49277032e-09 ... 5.49278824e-09
   5.49280397e-09 5.49288808e-09]
  [7.92562513e-09 7.92562542e-09 7.92562610e-09 ... 7.92563356e-09
   7.92563862e-09 7.92565832e-09]
  [1.07678112e-08 1.07678114e-08 1.07678116e-08 ... 1.07678142e-08
   1.07678156e-08 1.07678202e-08]]

 ...

 [[2.27221378e+01 3.74774327e+01 5.81798095e+01 ... 1.26973647e+02
   1.54138700e+02 2.22620601e+02]
  [8.56758300e+01 1.11869324e+02 1.60055315e+02 ... 3.04376600e+02
   3.60733517e+02 5.00585102e+02]
  [1.64200673e+02 2.06461641e+02 2.52739554e+02 ... 4.54517581e+02
   5.30274215e+02 7.38861457e+02]
  ...
  [2.18021411e+03 3.76616885e+03 1.68412470e+04 ... 5.62476980e+05
   1.06929300e+06 3.43514322e+06]
  [5.60152539e+03 1.43301656e+04 4.39398777e+04 ... 4.63011428e+05
   6.91247758e+05 1.25994371e+06]
  [1.01193040e+04 1.74036093e+04 3.44162175e+04 ... 8.55599147e+05
   1.56370227e+06 2.76034205e+06]]

 [[3.10300793e+01 4.80157626e+01 7.15305507e+01 ... 1.44468582e+02
   1.71909213e+02 2.40824965e+02]
  [1.04568860e+02 1.33302860e+02 1.87710449e+02 ... 3.39268073e+02
   3.96179094e+02 5.37358167e+02]
  [1.98517215e+02 2.46516023e+02 2.96239203e+02 ... 5.09442854e+02
   5.85921026e+02 7.95880821e+02]
  ...
  [3.20551889e+03 5.30474305e+03 2.27567685e+04 ... 6.98664016e+05
   1.28811251e+06 3.77440492e+06]
  [7.93951303e+03 1.96693794e+04 5.74000173e+04 ... 5.48688234e+05
   7.94880614e+05 1.38172318e+06]
  [1.41257857e+04 2.34714820e+04 4.47763167e+04 ... 1.03548361e+06
   1.80748983e+06 3.03763849e+06]]

 [[5.64671438e+01 7.76658835e+01 1.06748293e+02 ... 1.88099045e+02
   2.15809823e+02 2.85330578e+02]
  [1.51315155e+02 1.85126531e+02 2.53222993e+02 ... 4.20366958e+02
   4.77984531e+02 6.20559517e+02]
  [2.79757897e+02 3.40610503e+02 3.97706442e+02 ... 6.37510208e+02
   7.14643339e+02 9.26158191e+02]
  ...
  [6.14339400e+03 9.47840801e+03 3.84085868e+04 ... 1.03460002e+06
   1.81072055e+06 4.46644097e+06]
  [1.43935309e+04 3.39884618e+04 9.16629451e+04 ... 7.46949840e+05
   1.02506184e+06 1.64110193e+06]
  [2.50033892e+04 3.94896450e+04 7.09427967e+04 ... 1.46029223e+06
   2.33585493e+06 3.61247603e+06]]] [[[5.41449654e-07 1.14012719e-07 1.60742567e-08 ... 5.24410862e-11
   1.10850341e-11 8.39791992e-13]
  [1.20256981e-06 1.95172000e-07 2.87590340e-08 ... 7.68815831e-11
   1.70535121e-11 9.26999597e-13]
  [2.09731827e-06 3.95114637e-07 5.86791851e-08 ... 1.53440915e-10
   3.19708821e-11 1.80807438e-12]
  ...
  [9.99989941e-01 9.99989845e-01 9.99989592e-01 ... 9.99986383e-01
   9.99983566e-01 9.99968462e-01]
  [9.99989975e-01 9.99989939e-01 9.99989854e-01 ... 9.99988928e-01
   9.99988300e-01 9.99985855e-01]
  [9.99989989e-01 9.99989976e-01 9.99989950e-01 ... 9.99989716e-01
   9.99989592e-01 9.99989166e-01]]

 [[4.37034122e-07 9.28666850e-08 1.32589556e-08 ... 4.33090233e-11
   9.08048254e-12 7.17860780e-13]
  [9.66010344e-07 1.59009461e-07 2.38467343e-08 ... 6.24906171e-11
   1.41412698e-11 8.22698122e-13]
  [1.67015883e-06 3.22878049e-07 4.85108317e-08 ... 1.26717343e-10
   2.62753181e-11 1.62038289e-12]
  ...
  [9.99989938e-01 9.99989837e-01 9.99989572e-01 ... 9.99986223e-01
   9.99983286e-01 9.99967630e-01]
  [9.99989973e-01 9.99989935e-01 9.99989847e-01 ... 9.99988880e-01
   9.99988226e-01 9.99985675e-01]
  [9.99989988e-01 9.99989975e-01 9.99989948e-01 ... 9.99989704e-01
   9.99989574e-01 9.99989130e-01]]

 [[3.54773330e-07 7.54609983e-08 1.08748069e-08 ... 3.52657313e-11
   7.30841697e-12 5.92250371e-13]
  [7.78712551e-07 1.28985241e-07 1.96009685e-08 ... 5.00853313e-11
   1.14893409e-11 7.04136004e-13]
  [1.33233919e-06 2.61649255e-07 3.96890585e-08 ... 1.02749636e-10
   2.10781058e-11 1.39512632e-12]
  ...
  [9.99989934e-01 9.99989829e-01 9.99989550e-01 ... 9.99986042e-01
   9.99982968e-01 9.99966699e-01]
  [9.99989972e-01 9.99989932e-01 9.99989839e-01 ... 9.99988827e-01
   9.99988141e-01 9.99985469e-01]
  [9.99989987e-01 9.99989973e-01 9.99989945e-01 ... 9.99989687e-01
   9.99989550e-01 9.99989080e-01]]

 ...

 [[4.38580660e-14 3.19039481e-14 2.36876912e-14 ... 1.71312484e-14
   1.67133827e-14 1.61651372e-14]
  [1.14283928e-13 9.86013879e-14 7.48829305e-14 ... 5.81625253e-14
   5.69531712e-14 5.37149830e-14]
  [2.45916120e-13 2.09226086e-13 1.91346616e-13 ... 1.50931066e-13
   1.47814804e-13 1.42549306e-13]
  ...
  [1.14392477e-04 7.21940978e-05 1.82692360e-05 ... 7.40260335e-07
   4.42352779e-07 2.44822545e-07]
  [6.97393983e-05 2.95238494e-05 1.11249885e-05 ... 1.58506778e-06
   1.26205419e-06 1.02820828e-06]
  [5.42470484e-05 3.47092433e-05 1.96378938e-05 ... 1.04372579e-06
   7.08377903e-07 5.96510017e-07]]

 [[3.53694654e-14 2.78836830e-14 2.20098228e-14 ... 1.67961443e-14
   1.65356759e-14 1.61415935e-14]
  [1.12336517e-13 9.90213286e-14 7.67444179e-14 ... 6.08279609e-14
   5.98770664e-14 5.77155362e-14]
  [2.51354114e-13 2.15347320e-13 1.98291346e-13 ... 1.57042531e-13
   1.55006258e-13 1.51274993e-13]
  ...
  [9.58483771e-05 6.38732921e-05 1.66128715e-05 ... 7.21609063e-07
   4.49108945e-07 2.89669597e-07]
  [6.06419256e-05 2.65544848e-05 1.05333285e-05 ... 1.65482444e-06
   1.36809964e-06 1.16423624e-06]
  [4.80709011e-05 3.17401490e-05 1.85900908e-05 ... 1.07066048e-06
   7.90012348e-07 6.94546204e-07]]

 [[2.79961756e-14 2.40181323e-14 2.02210727e-14 ... 1.63220942e-14
   1.62216544e-14 1.60011397e-14]
  [1.10032035e-13 9.92517493e-14 7.85130546e-14 ... 6.34236832e-14
   6.28758938e-14 6.18209923e-14]
  [2.57311812e-13 2.22161676e-13 2.06019080e-13 ... 1.63228071e-13
   1.62397543e-13 1.60459083e-13]
  ...
  [8.10702595e-05 5.70659839e-05 1.52170370e-05 ... 7.08987112e-07
   4.55741734e-07 3.44164583e-07]
  [5.32406294e-05 2.39970665e-05 1.00287977e-05 ... 1.73314431e-06
   1.49280625e-06 1.32476529e-06]
  [4.29112634e-05 2.91401523e-05 1.78385365e-05 ... 1.09878116e-06
   8.83426458e-07 8.12006301e-07]]] [[[0. 0. 0. ... 0. 0. 0.]
  [0. 0. 0. ... 0. 0. 0.]
  [0. 0. 0. ... 0. 0. 0.]
  ...
  [0. 0. 0. ... 0. 0. 0.]
  [0. 0. 0. ... 0. 0. 0.]
  [0. 0. 0. ... 0. 0. 0.]]

 [[0. 0. 0. ... 0. 0. 0.]
  [0. 0. 0. ... 0. 0. 0.]
  [0. 0. 0. ... 0. 0. 0.]
  ...
  [0. 0. 0. ... 0. 0. 0.]
  [0. 0. 0. ... 0. 0. 0.]
  [0. 0. 0. ... 0. 0. 0.]]

 [[0. 0. 0. ... 0. 0. 0.]
  [0. 0. 0. ... 0. 0. 0.]
  [0. 0. 0. ... 0. 0. 0.]
  ...
  [0. 0. 0. ... 0. 0. 0.]
  [0. 0. 0. ... 0. 0. 0.]
  [0. 0. 0. ... 0. 0. 0.]]

 ...

 [[0. 0. 0. ... 0. 0. 0.]
  [0. 0. 0. ... 0. 0. 0.]
  [0. 0. 0. ... 0. 0. 0.]
  ...
  [0. 0. 0. ... 0. 0. 0.]
  [0. 0. 0. ... 0. 0. 0.]
  [0. 0. 0. ... 0. 0. 0.]]

 [[0. 0. 0. ... 0. 0. 0.]
  [0. 0. 0. ... 0. 0. 0.]
  [0. 0. 0. ... 0. 0. 0.]
  ...
  [0. 0. 0. ... 0. 0. 0.]
  [0. 0. 0. ... 0. 0. 0.]
  [0. 0. 0. ... 0. 0. 0.]]

 [[0. 0. 0. ... 0. 0. 0.]
  [0. 0. 0. ... 0. 0. 0.]
  [0. 0. 0. ... 0. 0. 0.]
  ...
  [0. 0. 0. ... 0. 0. 0.]
  [0. 0. 0. ... 0. 0. 0.]
  [0. 0. 0. ... 0. 0. 0.]]] [[[5.41449654e-07 1.14012719e-07 1.60742567e-08 ... 5.24410862e-11
   1.10850341e-11 8.39791992e-13]
  [1.20256981e-06 1.95172000e-07 2.87590340e-08 ... 7.68815831e-11
   1.70535121e-11 9.26999597e-13]
  [2.09731827e-06 3.95114637e-07 5.86791851e-08 ... 1.53440915e-10
   3.19708821e-11 1.80807438e-12]
  ...
  [9.99989941e-01 9.99989845e-01 9.99989592e-01 ... 9.99986383e-01
   9.99983566e-01 9.99968462e-01]
  [9.99989975e-01 9.99989939e-01 9.99989854e-01 ... 9.99988928e-01
   9.99988300e-01 9.99985855e-01]
  [9.99989989e-01 9.99989976e-01 9.99989950e-01 ... 9.99989716e-01
   9.99989592e-01 9.99989166e-01]]

 [[4.37034122e-07 9.28666850e-08 1.32589556e-08 ... 4.33090233e-11
   9.08048254e-12 7.17860780e-13]
  [9.66010344e-07 1.59009461e-07 2.38467343e-08 ... 6.24906171e-11
   1.41412698e-11 8.22698122e-13]
  [1.67015883e-06 3.22878049e-07 4.85108317e-08 ... 1.26717343e-10
   2.62753181e-11 1.62038289e-12]
  ...
  [9.99989938e-01 9.99989837e-01 9.99989572e-01 ... 9.99986223e-01
   9.99983286e-01 9.99967630e-01]
  [9.99989973e-01 9.99989935e-01 9.99989847e-01 ... 9.99988880e-01
   9.99988226e-01 9.99985675e-01]
  [9.99989988e-01 9.99989975e-01 9.99989948e-01 ... 9.99989704e-01
   9.99989574e-01 9.99989130e-01]]

 [[3.54773330e-07 7.54609983e-08 1.08748069e-08 ... 3.52657313e-11
   7.30841697e-12 5.92250371e-13]
  [7.78712551e-07 1.28985241e-07 1.96009685e-08 ... 5.00853313e-11
   1.14893409e-11 7.04136004e-13]
  [1.33233919e-06 2.61649255e-07 3.96890585e-08 ... 1.02749636e-10
   2.10781058e-11 1.39512632e-12]
  ...
  [9.99989934e-01 9.99989829e-01 9.99989550e-01 ... 9.99986042e-01
   9.99982968e-01 9.99966699e-01]
  [9.99989972e-01 9.99989932e-01 9.99989839e-01 ... 9.99988827e-01
   9.99988141e-01 9.99985469e-01]
  [9.99989987e-01 9.99989973e-01 9.99989945e-01 ... 9.99989687e-01
   9.99989550e-01 9.99989080e-01]]

 ...

 [[4.38580660e-14 3.19039481e-14 2.36876912e-14 ... 1.71312484e-14
   1.67133827e-14 1.61651372e-14]
  [1.14283928e-13 9.86013879e-14 7.48829305e-14 ... 5.81625253e-14
   5.69531712e-14 5.37149830e-14]
  [2.45916120e-13 2.09226086e-13 1.91346616e-13 ... 1.50931066e-13
   1.47814804e-13 1.42549306e-13]
  ...
  [1.14392477e-04 7.21940978e-05 1.82692360e-05 ... 7.40260335e-07
   4.42352779e-07 2.44822545e-07]
  [6.97393983e-05 2.95238494e-05 1.11249885e-05 ... 1.58506778e-06
   1.26205419e-06 1.02820828e-06]
  [5.42470484e-05 3.47092433e-05 1.96378938e-05 ... 1.04372579e-06
   7.08377903e-07 5.96510017e-07]]

 [[3.53694654e-14 2.78836830e-14 2.20098228e-14 ... 1.67961443e-14
   1.65356759e-14 1.61415935e-14]
  [1.12336517e-13 9.90213286e-14 7.67444179e-14 ... 6.08279609e-14
   5.98770664e-14 5.77155362e-14]
  [2.51354114e-13 2.15347320e-13 1.98291346e-13 ... 1.57042531e-13
   1.55006258e-13 1.51274993e-13]
  ...
  [9.58483771e-05 6.38732921e-05 1.66128715e-05 ... 7.21609063e-07
   4.49108945e-07 2.89669597e-07]
  [6.06419256e-05 2.65544848e-05 1.05333285e-05 ... 1.65482444e-06
   1.36809964e-06 1.16423624e-06]
  [4.80709011e-05 3.17401490e-05 1.85900908e-05 ... 1.07066048e-06
   7.90012348e-07 6.94546204e-07]]

 [[2.79961756e-14 2.40181323e-14 2.02210727e-14 ... 1.63220942e-14
   1.62216544e-14 1.60011397e-14]
  [1.10032035e-13 9.92517493e-14 7.85130546e-14 ... 6.34236832e-14
   6.28758938e-14 6.18209923e-14]
  [2.57311812e-13 2.22161676e-13 2.06019080e-13 ... 1.63228071e-13
   1.62397543e-13 1.60459083e-13]
  ...
  [8.10702595e-05 5.70659839e-05 1.52170370e-05 ... 7.08987112e-07
   4.55741734e-07 3.44164583e-07]
  [5.32406294e-05 2.39970665e-05 1.00287977e-05 ... 1.73314431e-06
   1.49280625e-06 1.32476529e-06]
  [4.29112634e-05 2.91401523e-05 1.78385365e-05 ... 1.09878116e-06
   8.83426458e-07 8.12006301e-07]]] 0 [[0.99513358]
 [0.95250091]
 [0.82712012]
 [0.59734205]
 [0.27934726]] [[0.99513358]
 [0.95250091]
 [0.82712012]
 [0.59734205]
 [0.27934726]] 1.0 [1. 1. 1. 1. 1. 1. 1. 1. 1. 1. 1. 1. 1. 1. 1. 1. 1. 1. 1. 1. 1. 1. 1. 1.
 1. 1. 1. 1. 1. 1. 1. 1. 1. 1. 1. 1. 1. 1. 1. 1. 1. 1. 1. 1. 1. 1. 1. 1.
 1. 1. 1. 1. 1. 1. 1. 1. 1. 1. 1. 1. 1. 1. 1. 1. 1. 1. 1. 1. 1. 1. 1. 1.
 1. 1. 1. 1. 1. 1. 1. 1. 1. 1. 1. 1. 1. 1. 1. 1. 1. 1. 1. 1. 1. 1. 1. 1.
 1. 1. 1. 1. 1. 1. 1. 1. 1. 1. 1. 1. 1. 1. 1. 1. 1. 1. 1. 1. 1. 1. 1. 1.
 1. 1. 1. 1. 1. 1. 1. 1. 1. 1. 1. 1. 1. 1. 1. 1. 1. 1. 1. 1. 1. 1. 1. 1.
 1. 1. 1. 1. 1. 1. 1. 1. 1. 1. 1. 1. 1. 1. 1. 1. 1. 1. 1. 1. 1. 1. 1. 1.
 1. 1. 1. 1. 1. 1. 1. 1. 1. 1. 1. 1. 1. 1. 1. 1. 1. 1. 1. 1. 1. 1. 1. 1.
 1. 1. 1. 1.] 3 0 1 -1 2 -0.5 1 [   43.95     72.05    102.3     135.7     185.6     236.9     279.7
   336.7     402.6     467.4     515.95    550.05    589.      633.85
   686.1     735.95    782.05    834.3     885.6     935.3     990.95
  1036.5    1069.8    1111.7    1153.     1198.3    1238.5    1265.2
  1296.35   1333.65   1372.9    1409.7    1455.05   1500.65   1534.85
  1587.95   1649.1    1695.2    1736.3    1794.65   1859.05   1899.45
  1942.1    2000.1    2048.5    2071.5    2084.9    2105.35   2127.7
  2144.85   2171.55   2220.2    2275.2    2325.2    2379.9    2454.8
  2532.05   2597.85   2667.15   2730.65   2787.75   2846.45   2908.6
  2973.2    3023.125  3058.975  3095.075  3131.425  3168.65   3206.75
  3241.725  3273.575  3317.325  3372.975  3438.1    3512.7    3587.5
  3662.5    3737.5    3812.5    3885.65   3956.95   4029.65   4103.75
  4176.8    4248.8    4320.9    4392.75   4464.25   4527.075  4581.225
  4624.225  4656.075  4680.475  4697.425  4731.35   4782.25   4831.275
  4878.425  4926.5    4975.5    5045.325  5135.975  5218.475  5292.825
  5367.5    5442.5    5517.8    5591.7    5663.9    5745.6    5836.8
  5911.8    5970.6    6025.     6075.     6144.65   6234.3    6314.35
  6381.     6442.1    6503.7    6567.9    6640.     6720.     6800.
  6885.     6975.     7062.5    7142.5    7212.5    7277.5    7362.2
  7466.6    7584.625  7716.275  7836.575  7945.525  8057.625  8172.875
  8291.525  8413.575  8552.775  8709.125  8884.05   9077.55   9257.15
  9422.85   9619.325  9846.575 10040.05  10199.75  10386.4   10594.2
 10735.55  10882.45  11062.45  11217.65  11396.85  11554.35  11734.9
 11988.3   12160.4   12349.8   12619.45  12862.95  13072.45  13290.35
 13532.7   13721.65  14000.6   14349.8   14768.35  15211.1   15566.3
 15924.25  16220.2   16545.15  16922.2   17288.25  17685.8   18118.85
 18624.3   19102.5   19747.4   20621.2   21515.3   22483.25  23484.65
 24490.4   25833.325 27619.025 29670.3   32051.25  34848.475 37331.825] 196 5 1 [0.01574791 0.07390887 0.14638699 0.16717464 0.09678159] [1] 8 [0.165231051440291, 0.309768948559709, 0.309768948559709, 0.165231051440291, 0.008696371128436358, 0.01630362887156367, 0.01630362887156367, 0.008696371128436358] 1 [ 546.66        548.09        549.62        550.74        551.72
  552.92        554.3         555.93        557.83        560.13
  562.8         566.47        569.8         579.09        590.01
  598.1         602.61        605.92        609.74        613.8
  618.16        622.82        627.74        632.92        638.37
  644.09        650.56        657.5         664.24        670.71
  677.03        683.3         689.59        695.99        702.48
  709.28        716.56        724.38        732.82        741.95
  751.78        762.57        774.46        787.39        801.45
  816.52        832.58        849.76        868.39        888.68
  910.75        934.49        960.42        988.91       1020.81
 1055.46       1103.13       1153.21       1205.23       1259.24
 1315.29       1373.39       1433.59       1495.93       1560.42
 1627.12       1696.         1767.09       1840.43       1915.82
 1993.28       2040.72       2075.49       2104.75       2133.1
 2166.13       2206.25       2255.47       2315.12       2401.89
 2490.01       2579.55       2669.89       2760.95       2852.83
 2945.46       3038.54       3132.14       3226.44       3321.53
 3417.4         546.66        548.09        549.62        550.74
  551.72        552.92        554.3         555.93        557.83
  560.13        562.8         566.47        569.8         579.09
  590.01        598.1         602.61        605.92        609.74
  613.8         618.16        622.82        627.74        632.92
  638.37        644.09        650.56        657.5         664.24
  670.71        677.03        683.3         689.59        695.99
  702.48        709.28        716.56        724.38        732.82
  741.95        751.78        762.57        774.46        787.39
  801.45        816.52        832.58        849.76        868.39
  888.68        910.75        934.49        960.42        988.91
 1020.81       1055.46       1119.47683066 1186.87813924 1257.70455871
 1332.08946693 1410.0504377  1491.71644082 1577.00308361 1666.03923327
 1758.39124681 1854.17037679 1952.26243886 2052.57337406 2153.75316235
 2254.86784516 2356.00096628 2455.07707956 2552.61312733 2648.76216424
 2743.24163109 2836.22222222 2928.17143918 3020.11537188 3111.85958617
 3203.29984937 3295.35802382 3388.9742289  3483.88224634 3579.87917824
 3677.50777132 3778.14707022 3881.48118946 3987.39545197 4095.79207899
 4209.86599681 4329.9835601 ] [[1.00000000e-06 1.22712524e-06 1.50583635e-06 ... 6.64082785e+01
  8.14912747e+01 1.00000000e+02]
 [5.46660000e+02 5.48090000e+02 5.49620000e+02 ... 4.09579208e+03
  4.20986600e+03 4.32998356e+03]
 [9.54909375e-25 8.88849018e-25 8.38283404e-25 ... 2.20426812e-06
  2.54545675e-06 2.96444401e-06]
 ...
 [1.46748044e-24 1.57561561e-24 1.72193702e-24 ... 2.98132318e-10
  3.15284402e-10 3.42830701e-10]
 [1.58846400e-11 1.57246733e-11 1.56608625e-11 ... 3.05358287e-14
  2.55474481e-14 2.20201538e-14]
 [9.96389440e-13 9.50331254e-13 9.15600031e-13 ... 2.17003955e-15
  1.88557275e-15 1.67840295e-15]]
Iteration number  0 , min , max temp  557.2147559776967 4322.912789969692 , flux balance  18487.819966127427
Traceback (most recent call last):
  File "/home/adityars/picaso/scripts/bdgrid_problempoint.py", line 56, in <module>
    cl_run.climate(opacity_ck, save_all_profiles=True,with_spec=True)
  File "/home/adityars/picaso/picaso/justdoit.py", line 4169, in climate
    if chemeq_first: pressure, temperature, dtdp, profile_flag, all_profiles,opd_cld_climate,g0_cld_climate,w0_cld_climate,cld_out,flux_net_ir_layer, flux_plus_ir_attop, all_opd, all_cld_out, all_nstr_out = profile(mieff_dir,it_max, itmx, conv, convt, nofczns,nstr,x_max_mult,
                                                                                                                                                                                                               ^^^^^^^^^^^^^^^^^^^^^^^^^^^^^^^^^^^^^^^^^^^^^^^^^^^^^^^^^^^^^^^^^^^^^
  File "/home/adityars/picaso/picaso/justdoit.py", line 5235, in profile
    temp, dtdp, flag_converge, flux_net_ir_layer, flux_plus_ir_attop, all_profiles, cldsave_count = t_start(
                                                                                                    ^^^^^^^^
  File "/home/adityars/picaso/picaso/climate.py", line 1032, in t_start
    assert False
AssertionError
Sun Mar 30 23:17:19 PDT 2025
