/home/adityars/picaso
node067
Sun Mar 30 23:27:00 PDT 2025
fsed = 3, effective temperature = 1100 K, nstr_upper = 55
Cloudy functionality still in beta form and not ready for public use.
1122.6360738905305
1112.9480207163224
1190.227593757511
1180.00544587547
1261.2538904259404
1250.484669535846
1335.8487181458004
1324.5085854471622
1414.029700318232
1402.1075060941246
1495.9261707119435
1483.3986217296463
1581.45349846675
1568.3207553449793
1670.7409144787132
1656.9806712793848
1763.3535519605834
1749.0094433724214
1859.4029774571643
1844.4554155650474
1957.7718623111123
1942.3720289501637
2058.3658821052923
2042.4991730650595
2159.831206953366
2143.7827043957027
2261.231242584052
2244.9880448598874
2362.64976856532
2346.4765885687507
2462.005481681892
2445.8890882621513
2559.8167831159903
2543.739065963918
2656.237159444921
2640.2525694879605
2750.9832540738666
2735.0882846632767
2844.2262430485034
2828.413640253498
2936.434947234703
2920.583733516186
3028.638352246632
3012.7593718020157
3120.641475234205
3104.73944404733
3212.339789368329
3196.418669212759
3304.657758532062
3288.557427750664
3398.5381551989253
3382.2683590569727
3493.7140098157984
3477.2833823845203
3589.9818518803104
3573.397569184536
3687.8859597957007
3670.9987037724136
3788.80926995465
3771.6228680497575
3892.4350054261386
3874.954990992573
3998.648165517205
3980.8784081706744
4107.350695528474
4089.103738513564
4221.746538060776
4202.991376079672
4342.203081657537
4322.912789969692
Iteration number  0 , min , max temp  557.2147559776967 4322.912789969692 , flux balance  18487.819966127427
Traceback (most recent call last):
  File "/home/adityars/picaso/scripts/bdgrid_problempoint.py", line 56, in <module>
    cl_run.climate(opacity_ck, save_all_profiles=True,with_spec=True)
  File "/home/adityars/picaso/picaso/justdoit.py", line 4169, in climate
    if chemeq_first: pressure, temperature, dtdp, profile_flag, all_profiles,opd_cld_climate,g0_cld_climate,w0_cld_climate,cld_out,flux_net_ir_layer, flux_plus_ir_attop, all_opd, all_cld_out, all_nstr_out = profile(mieff_dir,it_max, itmx, conv, convt, nofczns,nstr,x_max_mult,
                                                                                                                                                                                                               ^^^^^^^^^^^^^^^^^^^^^^^^^^^^^^^^^^^^^^^^^^^^^^^^^^^^^^^^^^^^^^^^^^^^^
  File "/home/adityars/picaso/picaso/justdoit.py", line 5235, in profile
    temp, dtdp, flag_converge, flux_net_ir_layer, flux_plus_ir_attop, all_profiles, cldsave_count = t_start(
                                                                                                    ^^^^^^^^
  File "/home/adityars/picaso/picaso/climate.py", line 1027, in t_start
    assert False
AssertionError
Sun Mar 30 23:28:57 PDT 2025
