/home/adityars/picaso
node067
Sun Mar 30 23:56:35 PDT 2025
fsed = 3, effective temperature = 1100 K, nstr_upper = 55
Cloudy functionality still in beta form and not ready for public use.
[[-0.12332328  0.04325453  0.02784141 ...  0.          0.
   0.        ]
 [-0.12826506  0.02040037  0.02784363 ...  0.          0.
   0.        ]
 [-0.15099462  0.0400904  -0.01510191 ...  0.          0.
   0.        ]
 ...
 [ 0.          0.          0.         ...  0.          0.
   0.        ]
 [ 0.          0.          0.         ...  0.          0.
   0.        ]
 [ 0.          0.          0.         ...  0.          0.
   0.        ]] [-2.15839324e+09 -2.15839326e+09 -2.15839328e+09 -2.15839331e+09
 -2.15839334e+09 -2.15839339e+09 -2.15839346e+09 -2.15839355e+09
 -2.15839367e+09 -2.15839383e+09 -2.15839403e+09 -2.15839430e+09
 -2.15839467e+09 -2.15839516e+09 -2.15839569e+09 -2.15839624e+09
 -2.15839690e+09 -2.15839774e+09 -2.15839878e+09 -2.15840003e+09
 -2.15840158e+09 -2.15840351e+09 -2.15840599e+09 -2.15840929e+09
 -2.15841354e+09 -2.15841893e+09 -2.15842590e+09 -2.15843474e+09
 -2.15844562e+09 -2.15845882e+09 -2.15847477e+09 -2.15849443e+09
 -2.15851949e+09 -2.15855246e+09 -2.15859719e+09 -2.15865421e+09
 -2.15872245e+09 -2.15880529e+09 -2.15890929e+09 -2.15904471e+09
 -2.15922417e+09 -2.15944757e+09 -2.15971229e+09 -2.16003442e+09
 -2.16044675e+09 -2.16097457e+09 -2.16161306e+09 -2.16236161e+09
 -2.16323854e+09 -2.16426678e+09 -2.16551678e+09 -2.16698596e+09
 -2.16859184e+09 -2.17033593e+09 -2.17228034e+09 -2.17446948e+09
  0.00000000e+00  0.00000000e+00  0.00000000e+00  0.00000000e+00
  0.00000000e+00  0.00000000e+00  0.00000000e+00  0.00000000e+00
  0.00000000e+00  0.00000000e+00  0.00000000e+00  0.00000000e+00
  0.00000000e+00  0.00000000e+00  0.00000000e+00  0.00000000e+00
  0.00000000e+00  0.00000000e+00  0.00000000e+00  0.00000000e+00
  0.00000000e+00  0.00000000e+00  0.00000000e+00  0.00000000e+00
  0.00000000e+00  0.00000000e+00  0.00000000e+00  0.00000000e+00
  0.00000000e+00  0.00000000e+00  0.00000000e+00  0.00000000e+00
  0.00000000e+00  0.00000000e+00  0.00000000e+00]
[[-0.15099462  0.0400904  -0.01510191 ...  0.          0.
   0.        ]
 [ 0.99986315 -0.04275552 -0.01747163 ...  0.          0.
   0.        ]
 [ 0.84946778  0.31937721  0.04625226 ...  0.          0.
   0.        ]
 ...
 [ 0.          0.          0.         ...  0.          0.
   0.        ]
 [ 0.          0.          0.         ...  0.          0.
   0.        ]
 [ 0.          0.          0.         ...  0.          0.
   0.        ]] [ 452.53042814  486.79765772  497.63803549  492.1501249   494.61146191
  496.89729714  491.39106877  479.57110594  464.34082153  449.00489678
  429.58143714  410.78369758  372.17014078  349.80472975  360.47538537
  373.49711926  369.02591124  349.63433889  330.39903571  312.48751608
  296.92055308  283.46570908  273.8146311   261.79838036  248.92108409
  237.96120459  233.60512257  238.2663421   245.4701449   250.83138804
  256.23275404  262.75017842  270.12811337  280.49664354  283.87733705
  280.12854431  277.06776831  275.05667655  273.97509267  273.87618184
  266.08252096  250.7690878   236.15997249  223.87881439  217.00088962
  210.75736366  199.46931307  179.16458475  149.6346794   119.32422698
   91.75693131   60.25160184   18.06132037  -33.66892817  -69.17096746
 -265.80203392    0.            0.            0.            0.
    0.            0.            0.            0.            0.
    0.            0.            0.            0.            0.
    0.            0.            0.            0.            0.
    0.            0.            0.            0.            0.
    0.            0.            0.            0.            0.
    0.            0.            0.            0.            0.
    0.        ]
Traceback (most recent call last):
  File "/home/adityars/picaso/scripts/bdgrid_problempoint.py", line 56, in <module>
    cl_run.climate(opacity_ck, save_all_profiles=True,with_spec=True)
  File "/home/adityars/picaso/picaso/justdoit.py", line 4169, in climate
    if chemeq_first: pressure, temperature, dtdp, profile_flag, all_profiles,opd_cld_climate,g0_cld_climate,w0_cld_climate,cld_out,flux_net_ir_layer, flux_plus_ir_attop, all_opd, all_cld_out, all_nstr_out = profile(mieff_dir,it_max, itmx, conv, convt, nofczns,nstr,x_max_mult,
                                                                                                                                                                                                               ^^^^^^^^^^^^^^^^^^^^^^^^^^^^^^^^^^^^^^^^^^^^^^^^^^^^^^^^^^^^^^^^^^^^^
  File "/home/adityars/picaso/picaso/justdoit.py", line 5235, in profile
    temp, dtdp, flag_converge, flux_net_ir_layer, flux_plus_ir_attop, all_profiles, cldsave_count = t_start(
                                                                                                    ^^^^^^^^
  File "/home/adityars/picaso/picaso/climate.py", line 775, in t_start
    assert False
AssertionError
Sun Mar 30 23:58:33 PDT 2025
