/home/adityars/picaso
node067
Sun Mar 30 23:43:05 PDT 2025
fsed = 3, effective temperature = 1100 K, nstr_upper = 55
Cloudy functionality still in beta form and not ready for public use.
[ 549.66        548.09        549.62        550.74        551.72
  552.92        554.3         555.93        557.83        560.13
  562.8         566.47        569.8         579.09        590.01
  598.1         602.61        605.92        609.74        613.8
  618.16        622.82        627.74        632.92        638.37
  644.09        650.56        657.5         664.24        670.71
  677.03        683.3         689.59        695.99        702.48
  709.28        716.56        724.38        732.82        741.95
  751.78        762.57        774.46        787.39        801.45
  816.52        832.58        849.76        868.39        888.68
  910.75        934.49        960.42        988.91       1020.81
 1055.46       1119.47683066 1186.87813924 1257.70455871 1332.08946693
 1410.0504377  1491.71644082 1577.00308361 1666.03923327 1758.39124681
 1854.17037679 1952.26243886 2052.57337406 2153.75316235 2254.86784516
 2356.00096628 2455.07707956 2552.61312733 2648.76216424 2743.24163109
 2836.22222222 2928.17143918 3020.11537188 3111.85958617 3203.29984937
 3295.35802382 3388.9742289  3483.88224634 3579.87917824 3677.50777132
 3778.14707022 3881.48118946 3987.39545197 4095.79207899 4209.86599681
 4329.9835601 ]
[ 546.66        551.09        549.62        550.74        551.72
  552.92        554.3         555.93        557.83        560.13
  562.8         566.47        569.8         579.09        590.01
  598.1         602.61        605.92        609.74        613.8
  618.16        622.82        627.74        632.92        638.37
  644.09        650.56        657.5         664.24        670.71
  677.03        683.3         689.59        695.99        702.48
  709.28        716.56        724.38        732.82        741.95
  751.78        762.57        774.46        787.39        801.45
  816.52        832.58        849.76        868.39        888.68
  910.75        934.49        960.42        988.91       1020.81
 1055.46       1119.47683066 1186.87813924 1257.70455871 1332.08946693
 1410.0504377  1491.71644082 1577.00308361 1666.03923327 1758.39124681
 1854.17037679 1952.26243886 2052.57337406 2153.75316235 2254.86784516
 2356.00096628 2455.07707956 2552.61312733 2648.76216424 2743.24163109
 2836.22222222 2928.17143918 3020.11537188 3111.85958617 3203.29984937
 3295.35802382 3388.9742289  3483.88224634 3579.87917824 3677.50777132
 3778.14707022 3881.48118946 3987.39545197 4095.79207899 4209.86599681
 4329.9835601 ]
[ 546.66        548.09        552.62        550.74        551.72
  552.92        554.3         555.93        557.83        560.13
  562.8         566.47        569.8         579.09        590.01
  598.1         602.61        605.92        609.74        613.8
  618.16        622.82        627.74        632.92        638.37
  644.09        650.56        657.5         664.24        670.71
  677.03        683.3         689.59        695.99        702.48
  709.28        716.56        724.38        732.82        741.95
  751.78        762.57        774.46        787.39        801.45
  816.52        832.58        849.76        868.39        888.68
  910.75        934.49        960.42        988.91       1020.81
 1055.46       1119.47683066 1186.87813924 1257.70455871 1332.08946693
 1410.0504377  1491.71644082 1577.00308361 1666.03923327 1758.39124681
 1854.17037679 1952.26243886 2052.57337406 2153.75316235 2254.86784516
 2356.00096628 2455.07707956 2552.61312733 2648.76216424 2743.24163109
 2836.22222222 2928.17143918 3020.11537188 3111.85958617 3203.29984937
 3295.35802382 3388.9742289  3483.88224634 3579.87917824 3677.50777132
 3778.14707022 3881.48118946 3987.39545197 4095.79207899 4209.86599681
 4329.9835601 ]
[ 546.66        548.09        549.62        553.74        551.72
  552.92        554.3         555.93        557.83        560.13
  562.8         566.47        569.8         579.09        590.01
  598.1         602.61        605.92        609.74        613.8
  618.16        622.82        627.74        632.92        638.37
  644.09        650.56        657.5         664.24        670.71
  677.03        683.3         689.59        695.99        702.48
  709.28        716.56        724.38        732.82        741.95
  751.78        762.57        774.46        787.39        801.45
  816.52        832.58        849.76        868.39        888.68
  910.75        934.49        960.42        988.91       1020.81
 1055.46       1119.47683066 1186.87813924 1257.70455871 1332.08946693
 1410.0504377  1491.71644082 1577.00308361 1666.03923327 1758.39124681
 1854.17037679 1952.26243886 2052.57337406 2153.75316235 2254.86784516
 2356.00096628 2455.07707956 2552.61312733 2648.76216424 2743.24163109
 2836.22222222 2928.17143918 3020.11537188 3111.85958617 3203.29984937
 3295.35802382 3388.9742289  3483.88224634 3579.87917824 3677.50777132
 3778.14707022 3881.48118946 3987.39545197 4095.79207899 4209.86599681
 4329.9835601 ]
[ 546.66        548.09        549.62        550.74        554.72
  552.92        554.3         555.93        557.83        560.13
  562.8         566.47        569.8         579.09        590.01
  598.1         602.61        605.92        609.74        613.8
  618.16        622.82        627.74        632.92        638.37
  644.09        650.56        657.5         664.24        670.71
  677.03        683.3         689.59        695.99        702.48
  709.28        716.56        724.38        732.82        741.95
  751.78        762.57        774.46        787.39        801.45
  816.52        832.58        849.76        868.39        888.68
  910.75        934.49        960.42        988.91       1020.81
 1055.46       1119.47683066 1186.87813924 1257.70455871 1332.08946693
 1410.0504377  1491.71644082 1577.00308361 1666.03923327 1758.39124681
 1854.17037679 1952.26243886 2052.57337406 2153.75316235 2254.86784516
 2356.00096628 2455.07707956 2552.61312733 2648.76216424 2743.24163109
 2836.22222222 2928.17143918 3020.11537188 3111.85958617 3203.29984937
 3295.35802382 3388.9742289  3483.88224634 3579.87917824 3677.50777132
 3778.14707022 3881.48118946 3987.39545197 4095.79207899 4209.86599681
 4329.9835601 ]
[ 546.66        548.09        549.62        550.74        551.72
  555.92        554.3         555.93        557.83        560.13
  562.8         566.47        569.8         579.09        590.01
  598.1         602.61        605.92        609.74        613.8
  618.16        622.82        627.74        632.92        638.37
  644.09        650.56        657.5         664.24        670.71
  677.03        683.3         689.59        695.99        702.48
  709.28        716.56        724.38        732.82        741.95
  751.78        762.57        774.46        787.39        801.45
  816.52        832.58        849.76        868.39        888.68
  910.75        934.49        960.42        988.91       1020.81
 1055.46       1119.47683066 1186.87813924 1257.70455871 1332.08946693
 1410.0504377  1491.71644082 1577.00308361 1666.03923327 1758.39124681
 1854.17037679 1952.26243886 2052.57337406 2153.75316235 2254.86784516
 2356.00096628 2455.07707956 2552.61312733 2648.76216424 2743.24163109
 2836.22222222 2928.17143918 3020.11537188 3111.85958617 3203.29984937
 3295.35802382 3388.9742289  3483.88224634 3579.87917824 3677.50777132
 3778.14707022 3881.48118946 3987.39545197 4095.79207899 4209.86599681
 4329.9835601 ]
[ 546.66        548.09        549.62        550.74        551.72
  552.92        557.3         555.93        557.83        560.13
  562.8         566.47        569.8         579.09        590.01
  598.1         602.61        605.92        609.74        613.8
  618.16        622.82        627.74        632.92        638.37
  644.09        650.56        657.5         664.24        670.71
  677.03        683.3         689.59        695.99        702.48
  709.28        716.56        724.38        732.82        741.95
  751.78        762.57        774.46        787.39        801.45
  816.52        832.58        849.76        868.39        888.68
  910.75        934.49        960.42        988.91       1020.81
 1055.46       1119.47683066 1186.87813924 1257.70455871 1332.08946693
 1410.0504377  1491.71644082 1577.00308361 1666.03923327 1758.39124681
 1854.17037679 1952.26243886 2052.57337406 2153.75316235 2254.86784516
 2356.00096628 2455.07707956 2552.61312733 2648.76216424 2743.24163109
 2836.22222222 2928.17143918 3020.11537188 3111.85958617 3203.29984937
 3295.35802382 3388.9742289  3483.88224634 3579.87917824 3677.50777132
 3778.14707022 3881.48118946 3987.39545197 4095.79207899 4209.86599681
 4329.9835601 ]
[ 546.66        548.09        549.62        550.74        551.72
  552.92        554.3         558.93        557.83        560.13
  562.8         566.47        569.8         579.09        590.01
  598.1         602.61        605.92        609.74        613.8
  618.16        622.82        627.74        632.92        638.37
  644.09        650.56        657.5         664.24        670.71
  677.03        683.3         689.59        695.99        702.48
  709.28        716.56        724.38        732.82        741.95
  751.78        762.57        774.46        787.39        801.45
  816.52        832.58        849.76        868.39        888.68
  910.75        934.49        960.42        988.91       1020.81
 1055.46       1119.47683066 1186.87813924 1257.70455871 1332.08946693
 1410.0504377  1491.71644082 1577.00308361 1666.03923327 1758.39124681
 1854.17037679 1952.26243886 2052.57337406 2153.75316235 2254.86784516
 2356.00096628 2455.07707956 2552.61312733 2648.76216424 2743.24163109
 2836.22222222 2928.17143918 3020.11537188 3111.85958617 3203.29984937
 3295.35802382 3388.9742289  3483.88224634 3579.87917824 3677.50777132
 3778.14707022 3881.48118946 3987.39545197 4095.79207899 4209.86599681
 4329.9835601 ]
[ 546.66        548.09        549.62        550.74        551.72
  552.92        554.3         555.93        560.83        560.13
  562.8         566.47        569.8         579.09        590.01
  598.1         602.61        605.92        609.74        613.8
  618.16        622.82        627.74        632.92        638.37
  644.09        650.56        657.5         664.24        670.71
  677.03        683.3         689.59        695.99        702.48
  709.28        716.56        724.38        732.82        741.95
  751.78        762.57        774.46        787.39        801.45
  816.52        832.58        849.76        868.39        888.68
  910.75        934.49        960.42        988.91       1020.81
 1055.46       1119.47683066 1186.87813924 1257.70455871 1332.08946693
 1410.0504377  1491.71644082 1577.00308361 1666.03923327 1758.39124681
 1854.17037679 1952.26243886 2052.57337406 2153.75316235 2254.86784516
 2356.00096628 2455.07707956 2552.61312733 2648.76216424 2743.24163109
 2836.22222222 2928.17143918 3020.11537188 3111.85958617 3203.29984937
 3295.35802382 3388.9742289  3483.88224634 3579.87917824 3677.50777132
 3778.14707022 3881.48118946 3987.39545197 4095.79207899 4209.86599681
 4329.9835601 ]
[ 546.66        548.09        549.62        550.74        551.72
  552.92        554.3         555.93        557.83        563.13
  562.8         566.47        569.8         579.09        590.01
  598.1         602.61        605.92        609.74        613.8
  618.16        622.82        627.74        632.92        638.37
  644.09        650.56        657.5         664.24        670.71
  677.03        683.3         689.59        695.99        702.48
  709.28        716.56        724.38        732.82        741.95
  751.78        762.57        774.46        787.39        801.45
  816.52        832.58        849.76        868.39        888.68
  910.75        934.49        960.42        988.91       1020.81
 1055.46       1119.47683066 1186.87813924 1257.70455871 1332.08946693
 1410.0504377  1491.71644082 1577.00308361 1666.03923327 1758.39124681
 1854.17037679 1952.26243886 2052.57337406 2153.75316235 2254.86784516
 2356.00096628 2455.07707956 2552.61312733 2648.76216424 2743.24163109
 2836.22222222 2928.17143918 3020.11537188 3111.85958617 3203.29984937
 3295.35802382 3388.9742289  3483.88224634 3579.87917824 3677.50777132
 3778.14707022 3881.48118946 3987.39545197 4095.79207899 4209.86599681
 4329.9835601 ]
[ 546.66        548.09        549.62        550.74        551.72
  552.92        554.3         555.93        557.83        560.13
  565.8         566.47        569.8         579.09        590.01
  598.1         602.61        605.92        609.74        613.8
  618.16        622.82        627.74        632.92        638.37
  644.09        650.56        657.5         664.24        670.71
  677.03        683.3         689.59        695.99        702.48
  709.28        716.56        724.38        732.82        741.95
  751.78        762.57        774.46        787.39        801.45
  816.52        832.58        849.76        868.39        888.68
  910.75        934.49        960.42        988.91       1020.81
 1055.46       1119.47683066 1186.87813924 1257.70455871 1332.08946693
 1410.0504377  1491.71644082 1577.00308361 1666.03923327 1758.39124681
 1854.17037679 1952.26243886 2052.57337406 2153.75316235 2254.86784516
 2356.00096628 2455.07707956 2552.61312733 2648.76216424 2743.24163109
 2836.22222222 2928.17143918 3020.11537188 3111.85958617 3203.29984937
 3295.35802382 3388.9742289  3483.88224634 3579.87917824 3677.50777132
 3778.14707022 3881.48118946 3987.39545197 4095.79207899 4209.86599681
 4329.9835601 ]
[ 546.66        548.09        549.62        550.74        551.72
  552.92        554.3         555.93        557.83        560.13
  562.8         569.47        569.8         579.09        590.01
  598.1         602.61        605.92        609.74        613.8
  618.16        622.82        627.74        632.92        638.37
  644.09        650.56        657.5         664.24        670.71
  677.03        683.3         689.59        695.99        702.48
  709.28        716.56        724.38        732.82        741.95
  751.78        762.57        774.46        787.39        801.45
  816.52        832.58        849.76        868.39        888.68
  910.75        934.49        960.42        988.91       1020.81
 1055.46       1119.47683066 1186.87813924 1257.70455871 1332.08946693
 1410.0504377  1491.71644082 1577.00308361 1666.03923327 1758.39124681
 1854.17037679 1952.26243886 2052.57337406 2153.75316235 2254.86784516
 2356.00096628 2455.07707956 2552.61312733 2648.76216424 2743.24163109
 2836.22222222 2928.17143918 3020.11537188 3111.85958617 3203.29984937
 3295.35802382 3388.9742289  3483.88224634 3579.87917824 3677.50777132
 3778.14707022 3881.48118946 3987.39545197 4095.79207899 4209.86599681
 4329.9835601 ]
[ 546.66        548.09        549.62        550.74        551.72
  552.92        554.3         555.93        557.83        560.13
  562.8         566.47        572.8         579.09        590.01
  598.1         602.61        605.92        609.74        613.8
  618.16        622.82        627.74        632.92        638.37
  644.09        650.56        657.5         664.24        670.71
  677.03        683.3         689.59        695.99        702.48
  709.28        716.56        724.38        732.82        741.95
  751.78        762.57        774.46        787.39        801.45
  816.52        832.58        849.76        868.39        888.68
  910.75        934.49        960.42        988.91       1020.81
 1055.46       1119.47683066 1186.87813924 1257.70455871 1332.08946693
 1410.0504377  1491.71644082 1577.00308361 1666.03923327 1758.39124681
 1854.17037679 1952.26243886 2052.57337406 2153.75316235 2254.86784516
 2356.00096628 2455.07707956 2552.61312733 2648.76216424 2743.24163109
 2836.22222222 2928.17143918 3020.11537188 3111.85958617 3203.29984937
 3295.35802382 3388.9742289  3483.88224634 3579.87917824 3677.50777132
 3778.14707022 3881.48118946 3987.39545197 4095.79207899 4209.86599681
 4329.9835601 ]
[ 546.66        548.09        549.62        550.74        551.72
  552.92        554.3         555.93        557.83        560.13
  562.8         566.47        569.8         582.09        590.01
  598.1         602.61        605.92        609.74        613.8
  618.16        622.82        627.74        632.92        638.37
  644.09        650.56        657.5         664.24        670.71
  677.03        683.3         689.59        695.99        702.48
  709.28        716.56        724.38        732.82        741.95
  751.78        762.57        774.46        787.39        801.45
  816.52        832.58        849.76        868.39        888.68
  910.75        934.49        960.42        988.91       1020.81
 1055.46       1119.47683066 1186.87813924 1257.70455871 1332.08946693
 1410.0504377  1491.71644082 1577.00308361 1666.03923327 1758.39124681
 1854.17037679 1952.26243886 2052.57337406 2153.75316235 2254.86784516
 2356.00096628 2455.07707956 2552.61312733 2648.76216424 2743.24163109
 2836.22222222 2928.17143918 3020.11537188 3111.85958617 3203.29984937
 3295.35802382 3388.9742289  3483.88224634 3579.87917824 3677.50777132
 3778.14707022 3881.48118946 3987.39545197 4095.79207899 4209.86599681
 4329.9835601 ]
[ 546.66        548.09        549.62        550.74        551.72
  552.92        554.3         555.93        557.83        560.13
  562.8         566.47        569.8         579.09        593.01
  598.1         602.61        605.92        609.74        613.8
  618.16        622.82        627.74        632.92        638.37
  644.09        650.56        657.5         664.24        670.71
  677.03        683.3         689.59        695.99        702.48
  709.28        716.56        724.38        732.82        741.95
  751.78        762.57        774.46        787.39        801.45
  816.52        832.58        849.76        868.39        888.68
  910.75        934.49        960.42        988.91       1020.81
 1055.46       1119.47683066 1186.87813924 1257.70455871 1332.08946693
 1410.0504377  1491.71644082 1577.00308361 1666.03923327 1758.39124681
 1854.17037679 1952.26243886 2052.57337406 2153.75316235 2254.86784516
 2356.00096628 2455.07707956 2552.61312733 2648.76216424 2743.24163109
 2836.22222222 2928.17143918 3020.11537188 3111.85958617 3203.29984937
 3295.35802382 3388.9742289  3483.88224634 3579.87917824 3677.50777132
 3778.14707022 3881.48118946 3987.39545197 4095.79207899 4209.86599681
 4329.9835601 ]
[ 546.66        548.09        549.62        550.74        551.72
  552.92        554.3         555.93        557.83        560.13
  562.8         566.47        569.8         579.09        590.01
  601.1         602.61        605.92        609.74        613.8
  618.16        622.82        627.74        632.92        638.37
  644.09        650.56        657.5         664.24        670.71
  677.03        683.3         689.59        695.99        702.48
  709.28        716.56        724.38        732.82        741.95
  751.78        762.57        774.46        787.39        801.45
  816.52        832.58        849.76        868.39        888.68
  910.75        934.49        960.42        988.91       1020.81
 1055.46       1119.47683066 1186.87813924 1257.70455871 1332.08946693
 1410.0504377  1491.71644082 1577.00308361 1666.03923327 1758.39124681
 1854.17037679 1952.26243886 2052.57337406 2153.75316235 2254.86784516
 2356.00096628 2455.07707956 2552.61312733 2648.76216424 2743.24163109
 2836.22222222 2928.17143918 3020.11537188 3111.85958617 3203.29984937
 3295.35802382 3388.9742289  3483.88224634 3579.87917824 3677.50777132
 3778.14707022 3881.48118946 3987.39545197 4095.79207899 4209.86599681
 4329.9835601 ]
[ 546.66        548.09        549.62        550.74        551.72
  552.92        554.3         555.93        557.83        560.13
  562.8         566.47        569.8         579.09        590.01
  598.1         605.61        605.92        609.74        613.8
  618.16        622.82        627.74        632.92        638.37
  644.09        650.56        657.5         664.24        670.71
  677.03        683.3         689.59        695.99        702.48
  709.28        716.56        724.38        732.82        741.95
  751.78        762.57        774.46        787.39        801.45
  816.52        832.58        849.76        868.39        888.68
  910.75        934.49        960.42        988.91       1020.81
 1055.46       1119.47683066 1186.87813924 1257.70455871 1332.08946693
 1410.0504377  1491.71644082 1577.00308361 1666.03923327 1758.39124681
 1854.17037679 1952.26243886 2052.57337406 2153.75316235 2254.86784516
 2356.00096628 2455.07707956 2552.61312733 2648.76216424 2743.24163109
 2836.22222222 2928.17143918 3020.11537188 3111.85958617 3203.29984937
 3295.35802382 3388.9742289  3483.88224634 3579.87917824 3677.50777132
 3778.14707022 3881.48118946 3987.39545197 4095.79207899 4209.86599681
 4329.9835601 ]
[ 546.66        548.09        549.62        550.74        551.72
  552.92        554.3         555.93        557.83        560.13
  562.8         566.47        569.8         579.09        590.01
  598.1         602.61        608.92        609.74        613.8
  618.16        622.82        627.74        632.92        638.37
  644.09        650.56        657.5         664.24        670.71
  677.03        683.3         689.59        695.99        702.48
  709.28        716.56        724.38        732.82        741.95
  751.78        762.57        774.46        787.39        801.45
  816.52        832.58        849.76        868.39        888.68
  910.75        934.49        960.42        988.91       1020.81
 1055.46       1119.47683066 1186.87813924 1257.70455871 1332.08946693
 1410.0504377  1491.71644082 1577.00308361 1666.03923327 1758.39124681
 1854.17037679 1952.26243886 2052.57337406 2153.75316235 2254.86784516
 2356.00096628 2455.07707956 2552.61312733 2648.76216424 2743.24163109
 2836.22222222 2928.17143918 3020.11537188 3111.85958617 3203.29984937
 3295.35802382 3388.9742289  3483.88224634 3579.87917824 3677.50777132
 3778.14707022 3881.48118946 3987.39545197 4095.79207899 4209.86599681
 4329.9835601 ]
[ 546.66        548.09        549.62        550.74        551.72
  552.92        554.3         555.93        557.83        560.13
  562.8         566.47        569.8         579.09        590.01
  598.1         602.61        605.92        612.74        613.8
  618.16        622.82        627.74        632.92        638.37
  644.09        650.56        657.5         664.24        670.71
  677.03        683.3         689.59        695.99        702.48
  709.28        716.56        724.38        732.82        741.95
  751.78        762.57        774.46        787.39        801.45
  816.52        832.58        849.76        868.39        888.68
  910.75        934.49        960.42        988.91       1020.81
 1055.46       1119.47683066 1186.87813924 1257.70455871 1332.08946693
 1410.0504377  1491.71644082 1577.00308361 1666.03923327 1758.39124681
 1854.17037679 1952.26243886 2052.57337406 2153.75316235 2254.86784516
 2356.00096628 2455.07707956 2552.61312733 2648.76216424 2743.24163109
 2836.22222222 2928.17143918 3020.11537188 3111.85958617 3203.29984937
 3295.35802382 3388.9742289  3483.88224634 3579.87917824 3677.50777132
 3778.14707022 3881.48118946 3987.39545197 4095.79207899 4209.86599681
 4329.9835601 ]
[ 546.66        548.09        549.62        550.74        551.72
  552.92        554.3         555.93        557.83        560.13
  562.8         566.47        569.8         579.09        590.01
  598.1         602.61        605.92        609.74        616.8
  618.16        622.82        627.74        632.92        638.37
  644.09        650.56        657.5         664.24        670.71
  677.03        683.3         689.59        695.99        702.48
  709.28        716.56        724.38        732.82        741.95
  751.78        762.57        774.46        787.39        801.45
  816.52        832.58        849.76        868.39        888.68
  910.75        934.49        960.42        988.91       1020.81
 1055.46       1119.47683066 1186.87813924 1257.70455871 1332.08946693
 1410.0504377  1491.71644082 1577.00308361 1666.03923327 1758.39124681
 1854.17037679 1952.26243886 2052.57337406 2153.75316235 2254.86784516
 2356.00096628 2455.07707956 2552.61312733 2648.76216424 2743.24163109
 2836.22222222 2928.17143918 3020.11537188 3111.85958617 3203.29984937
 3295.35802382 3388.9742289  3483.88224634 3579.87917824 3677.50777132
 3778.14707022 3881.48118946 3987.39545197 4095.79207899 4209.86599681
 4329.9835601 ]
[ 546.66        548.09        549.62        550.74        551.72
  552.92        554.3         555.93        557.83        560.13
  562.8         566.47        569.8         579.09        590.01
  598.1         602.61        605.92        609.74        613.8
  621.16        622.82        627.74        632.92        638.37
  644.09        650.56        657.5         664.24        670.71
  677.03        683.3         689.59        695.99        702.48
  709.28        716.56        724.38        732.82        741.95
  751.78        762.57        774.46        787.39        801.45
  816.52        832.58        849.76        868.39        888.68
  910.75        934.49        960.42        988.91       1020.81
 1055.46       1119.47683066 1186.87813924 1257.70455871 1332.08946693
 1410.0504377  1491.71644082 1577.00308361 1666.03923327 1758.39124681
 1854.17037679 1952.26243886 2052.57337406 2153.75316235 2254.86784516
 2356.00096628 2455.07707956 2552.61312733 2648.76216424 2743.24163109
 2836.22222222 2928.17143918 3020.11537188 3111.85958617 3203.29984937
 3295.35802382 3388.9742289  3483.88224634 3579.87917824 3677.50777132
 3778.14707022 3881.48118946 3987.39545197 4095.79207899 4209.86599681
 4329.9835601 ]
[ 546.66        548.09        549.62        550.74        551.72
  552.92        554.3         555.93        557.83        560.13
  562.8         566.47        569.8         579.09        590.01
  598.1         602.61        605.92        609.74        613.8
  618.16        625.82        627.74        632.92        638.37
  644.09        650.56        657.5         664.24        670.71
  677.03        683.3         689.59        695.99        702.48
  709.28        716.56        724.38        732.82        741.95
  751.78        762.57        774.46        787.39        801.45
  816.52        832.58        849.76        868.39        888.68
  910.75        934.49        960.42        988.91       1020.81
 1055.46       1119.47683066 1186.87813924 1257.70455871 1332.08946693
 1410.0504377  1491.71644082 1577.00308361 1666.03923327 1758.39124681
 1854.17037679 1952.26243886 2052.57337406 2153.75316235 2254.86784516
 2356.00096628 2455.07707956 2552.61312733 2648.76216424 2743.24163109
 2836.22222222 2928.17143918 3020.11537188 3111.85958617 3203.29984937
 3295.35802382 3388.9742289  3483.88224634 3579.87917824 3677.50777132
 3778.14707022 3881.48118946 3987.39545197 4095.79207899 4209.86599681
 4329.9835601 ]
[ 546.66        548.09        549.62        550.74        551.72
  552.92        554.3         555.93        557.83        560.13
  562.8         566.47        569.8         579.09        590.01
  598.1         602.61        605.92        609.74        613.8
  618.16        622.82        630.74        632.92        638.37
  644.09        650.56        657.5         664.24        670.71
  677.03        683.3         689.59        695.99        702.48
  709.28        716.56        724.38        732.82        741.95
  751.78        762.57        774.46        787.39        801.45
  816.52        832.58        849.76        868.39        888.68
  910.75        934.49        960.42        988.91       1020.81
 1055.46       1119.47683066 1186.87813924 1257.70455871 1332.08946693
 1410.0504377  1491.71644082 1577.00308361 1666.03923327 1758.39124681
 1854.17037679 1952.26243886 2052.57337406 2153.75316235 2254.86784516
 2356.00096628 2455.07707956 2552.61312733 2648.76216424 2743.24163109
 2836.22222222 2928.17143918 3020.11537188 3111.85958617 3203.29984937
 3295.35802382 3388.9742289  3483.88224634 3579.87917824 3677.50777132
 3778.14707022 3881.48118946 3987.39545197 4095.79207899 4209.86599681
 4329.9835601 ]
[ 546.66        548.09        549.62        550.74        551.72
  552.92        554.3         555.93        557.83        560.13
  562.8         566.47        569.8         579.09        590.01
  598.1         602.61        605.92        609.74        613.8
  618.16        622.82        627.74        635.92        638.37
  644.09        650.56        657.5         664.24        670.71
  677.03        683.3         689.59        695.99        702.48
  709.28        716.56        724.38        732.82        741.95
  751.78        762.57        774.46        787.39        801.45
  816.52        832.58        849.76        868.39        888.68
  910.75        934.49        960.42        988.91       1020.81
 1055.46       1119.47683066 1186.87813924 1257.70455871 1332.08946693
 1410.0504377  1491.71644082 1577.00308361 1666.03923327 1758.39124681
 1854.17037679 1952.26243886 2052.57337406 2153.75316235 2254.86784516
 2356.00096628 2455.07707956 2552.61312733 2648.76216424 2743.24163109
 2836.22222222 2928.17143918 3020.11537188 3111.85958617 3203.29984937
 3295.35802382 3388.9742289  3483.88224634 3579.87917824 3677.50777132
 3778.14707022 3881.48118946 3987.39545197 4095.79207899 4209.86599681
 4329.9835601 ]
[ 546.66        548.09        549.62        550.74        551.72
  552.92        554.3         555.93        557.83        560.13
  562.8         566.47        569.8         579.09        590.01
  598.1         602.61        605.92        609.74        613.8
  618.16        622.82        627.74        632.92        641.37
  644.09        650.56        657.5         664.24        670.71
  677.03        683.3         689.59        695.99        702.48
  709.28        716.56        724.38        732.82        741.95
  751.78        762.57        774.46        787.39        801.45
  816.52        832.58        849.76        868.39        888.68
  910.75        934.49        960.42        988.91       1020.81
 1055.46       1119.47683066 1186.87813924 1257.70455871 1332.08946693
 1410.0504377  1491.71644082 1577.00308361 1666.03923327 1758.39124681
 1854.17037679 1952.26243886 2052.57337406 2153.75316235 2254.86784516
 2356.00096628 2455.07707956 2552.61312733 2648.76216424 2743.24163109
 2836.22222222 2928.17143918 3020.11537188 3111.85958617 3203.29984937
 3295.35802382 3388.9742289  3483.88224634 3579.87917824 3677.50777132
 3778.14707022 3881.48118946 3987.39545197 4095.79207899 4209.86599681
 4329.9835601 ]
[ 546.66        548.09        549.62        550.74        551.72
  552.92        554.3         555.93        557.83        560.13
  562.8         566.47        569.8         579.09        590.01
  598.1         602.61        605.92        609.74        613.8
  618.16        622.82        627.74        632.92        638.37
  647.09        650.56        657.5         664.24        670.71
  677.03        683.3         689.59        695.99        702.48
  709.28        716.56        724.38        732.82        741.95
  751.78        762.57        774.46        787.39        801.45
  816.52        832.58        849.76        868.39        888.68
  910.75        934.49        960.42        988.91       1020.81
 1055.46       1119.47683066 1186.87813924 1257.70455871 1332.08946693
 1410.0504377  1491.71644082 1577.00308361 1666.03923327 1758.39124681
 1854.17037679 1952.26243886 2052.57337406 2153.75316235 2254.86784516
 2356.00096628 2455.07707956 2552.61312733 2648.76216424 2743.24163109
 2836.22222222 2928.17143918 3020.11537188 3111.85958617 3203.29984937
 3295.35802382 3388.9742289  3483.88224634 3579.87917824 3677.50777132
 3778.14707022 3881.48118946 3987.39545197 4095.79207899 4209.86599681
 4329.9835601 ]
[ 546.66        548.09        549.62        550.74        551.72
  552.92        554.3         555.93        557.83        560.13
  562.8         566.47        569.8         579.09        590.01
  598.1         602.61        605.92        609.74        613.8
  618.16        622.82        627.74        632.92        638.37
  644.09        653.56        657.5         664.24        670.71
  677.03        683.3         689.59        695.99        702.48
  709.28        716.56        724.38        732.82        741.95
  751.78        762.57        774.46        787.39        801.45
  816.52        832.58        849.76        868.39        888.68
  910.75        934.49        960.42        988.91       1020.81
 1055.46       1119.47683066 1186.87813924 1257.70455871 1332.08946693
 1410.0504377  1491.71644082 1577.00308361 1666.03923327 1758.39124681
 1854.17037679 1952.26243886 2052.57337406 2153.75316235 2254.86784516
 2356.00096628 2455.07707956 2552.61312733 2648.76216424 2743.24163109
 2836.22222222 2928.17143918 3020.11537188 3111.85958617 3203.29984937
 3295.35802382 3388.9742289  3483.88224634 3579.87917824 3677.50777132
 3778.14707022 3881.48118946 3987.39545197 4095.79207899 4209.86599681
 4329.9835601 ]
[ 546.66        548.09        549.62        550.74        551.72
  552.92        554.3         555.93        557.83        560.13
  562.8         566.47        569.8         579.09        590.01
  598.1         602.61        605.92        609.74        613.8
  618.16        622.82        627.74        632.92        638.37
  644.09        650.56        660.5         664.24        670.71
  677.03        683.3         689.59        695.99        702.48
  709.28        716.56        724.38        732.82        741.95
  751.78        762.57        774.46        787.39        801.45
  816.52        832.58        849.76        868.39        888.68
  910.75        934.49        960.42        988.91       1020.81
 1055.46       1119.47683066 1186.87813924 1257.70455871 1332.08946693
 1410.0504377  1491.71644082 1577.00308361 1666.03923327 1758.39124681
 1854.17037679 1952.26243886 2052.57337406 2153.75316235 2254.86784516
 2356.00096628 2455.07707956 2552.61312733 2648.76216424 2743.24163109
 2836.22222222 2928.17143918 3020.11537188 3111.85958617 3203.29984937
 3295.35802382 3388.9742289  3483.88224634 3579.87917824 3677.50777132
 3778.14707022 3881.48118946 3987.39545197 4095.79207899 4209.86599681
 4329.9835601 ]
[ 546.66        548.09        549.62        550.74        551.72
  552.92        554.3         555.93        557.83        560.13
  562.8         566.47        569.8         579.09        590.01
  598.1         602.61        605.92        609.74        613.8
  618.16        622.82        627.74        632.92        638.37
  644.09        650.56        657.5         667.24        670.71
  677.03        683.3         689.59        695.99        702.48
  709.28        716.56        724.38        732.82        741.95
  751.78        762.57        774.46        787.39        801.45
  816.52        832.58        849.76        868.39        888.68
  910.75        934.49        960.42        988.91       1020.81
 1055.46       1119.47683066 1186.87813924 1257.70455871 1332.08946693
 1410.0504377  1491.71644082 1577.00308361 1666.03923327 1758.39124681
 1854.17037679 1952.26243886 2052.57337406 2153.75316235 2254.86784516
 2356.00096628 2455.07707956 2552.61312733 2648.76216424 2743.24163109
 2836.22222222 2928.17143918 3020.11537188 3111.85958617 3203.29984937
 3295.35802382 3388.9742289  3483.88224634 3579.87917824 3677.50777132
 3778.14707022 3881.48118946 3987.39545197 4095.79207899 4209.86599681
 4329.9835601 ]
[ 546.66        548.09        549.62        550.74        551.72
  552.92        554.3         555.93        557.83        560.13
  562.8         566.47        569.8         579.09        590.01
  598.1         602.61        605.92        609.74        613.8
  618.16        622.82        627.74        632.92        638.37
  644.09        650.56        657.5         664.24        673.71
  677.03        683.3         689.59        695.99        702.48
  709.28        716.56        724.38        732.82        741.95
  751.78        762.57        774.46        787.39        801.45
  816.52        832.58        849.76        868.39        888.68
  910.75        934.49        960.42        988.91       1020.81
 1055.46       1119.47683066 1186.87813924 1257.70455871 1332.08946693
 1410.0504377  1491.71644082 1577.00308361 1666.03923327 1758.39124681
 1854.17037679 1952.26243886 2052.57337406 2153.75316235 2254.86784516
 2356.00096628 2455.07707956 2552.61312733 2648.76216424 2743.24163109
 2836.22222222 2928.17143918 3020.11537188 3111.85958617 3203.29984937
 3295.35802382 3388.9742289  3483.88224634 3579.87917824 3677.50777132
 3778.14707022 3881.48118946 3987.39545197 4095.79207899 4209.86599681
 4329.9835601 ]
[ 546.66        548.09        549.62        550.74        551.72
  552.92        554.3         555.93        557.83        560.13
  562.8         566.47        569.8         579.09        590.01
  598.1         602.61        605.92        609.74        613.8
  618.16        622.82        627.74        632.92        638.37
  644.09        650.56        657.5         664.24        670.71
  680.03        683.3         689.59        695.99        702.48
  709.28        716.56        724.38        732.82        741.95
  751.78        762.57        774.46        787.39        801.45
  816.52        832.58        849.76        868.39        888.68
  910.75        934.49        960.42        988.91       1020.81
 1055.46       1119.47683066 1186.87813924 1257.70455871 1332.08946693
 1410.0504377  1491.71644082 1577.00308361 1666.03923327 1758.39124681
 1854.17037679 1952.26243886 2052.57337406 2153.75316235 2254.86784516
 2356.00096628 2455.07707956 2552.61312733 2648.76216424 2743.24163109
 2836.22222222 2928.17143918 3020.11537188 3111.85958617 3203.29984937
 3295.35802382 3388.9742289  3483.88224634 3579.87917824 3677.50777132
 3778.14707022 3881.48118946 3987.39545197 4095.79207899 4209.86599681
 4329.9835601 ]
[ 546.66        548.09        549.62        550.74        551.72
  552.92        554.3         555.93        557.83        560.13
  562.8         566.47        569.8         579.09        590.01
  598.1         602.61        605.92        609.74        613.8
  618.16        622.82        627.74        632.92        638.37
  644.09        650.56        657.5         664.24        670.71
  677.03        686.3         689.59        695.99        702.48
  709.28        716.56        724.38        732.82        741.95
  751.78        762.57        774.46        787.39        801.45
  816.52        832.58        849.76        868.39        888.68
  910.75        934.49        960.42        988.91       1020.81
 1055.46       1119.47683066 1186.87813924 1257.70455871 1332.08946693
 1410.0504377  1491.71644082 1577.00308361 1666.03923327 1758.39124681
 1854.17037679 1952.26243886 2052.57337406 2153.75316235 2254.86784516
 2356.00096628 2455.07707956 2552.61312733 2648.76216424 2743.24163109
 2836.22222222 2928.17143918 3020.11537188 3111.85958617 3203.29984937
 3295.35802382 3388.9742289  3483.88224634 3579.87917824 3677.50777132
 3778.14707022 3881.48118946 3987.39545197 4095.79207899 4209.86599681
 4329.9835601 ]
[ 546.66        548.09        549.62        550.74        551.72
  552.92        554.3         555.93        557.83        560.13
  562.8         566.47        569.8         579.09        590.01
  598.1         602.61        605.92        609.74        613.8
  618.16        622.82        627.74        632.92        638.37
  644.09        650.56        657.5         664.24        670.71
  677.03        683.3         692.59        695.99        702.48
  709.28        716.56        724.38        732.82        741.95
  751.78        762.57        774.46        787.39        801.45
  816.52        832.58        849.76        868.39        888.68
  910.75        934.49        960.42        988.91       1020.81
 1055.46       1119.47683066 1186.87813924 1257.70455871 1332.08946693
 1410.0504377  1491.71644082 1577.00308361 1666.03923327 1758.39124681
 1854.17037679 1952.26243886 2052.57337406 2153.75316235 2254.86784516
 2356.00096628 2455.07707956 2552.61312733 2648.76216424 2743.24163109
 2836.22222222 2928.17143918 3020.11537188 3111.85958617 3203.29984937
 3295.35802382 3388.9742289  3483.88224634 3579.87917824 3677.50777132
 3778.14707022 3881.48118946 3987.39545197 4095.79207899 4209.86599681
 4329.9835601 ]
[ 546.66        548.09        549.62        550.74        551.72
  552.92        554.3         555.93        557.83        560.13
  562.8         566.47        569.8         579.09        590.01
  598.1         602.61        605.92        609.74        613.8
  618.16        622.82        627.74        632.92        638.37
  644.09        650.56        657.5         664.24        670.71
  677.03        683.3         689.59        698.99        702.48
  709.28        716.56        724.38        732.82        741.95
  751.78        762.57        774.46        787.39        801.45
  816.52        832.58        849.76        868.39        888.68
  910.75        934.49        960.42        988.91       1020.81
 1055.46       1119.47683066 1186.87813924 1257.70455871 1332.08946693
 1410.0504377  1491.71644082 1577.00308361 1666.03923327 1758.39124681
 1854.17037679 1952.26243886 2052.57337406 2153.75316235 2254.86784516
 2356.00096628 2455.07707956 2552.61312733 2648.76216424 2743.24163109
 2836.22222222 2928.17143918 3020.11537188 3111.85958617 3203.29984937
 3295.35802382 3388.9742289  3483.88224634 3579.87917824 3677.50777132
 3778.14707022 3881.48118946 3987.39545197 4095.79207899 4209.86599681
 4329.9835601 ]
[ 546.66        548.09        549.62        550.74        551.72
  552.92        554.3         555.93        557.83        560.13
  562.8         566.47        569.8         579.09        590.01
  598.1         602.61        605.92        609.74        613.8
  618.16        622.82        627.74        632.92        638.37
  644.09        650.56        657.5         664.24        670.71
  677.03        683.3         689.59        695.99        705.48
  709.28        716.56        724.38        732.82        741.95
  751.78        762.57        774.46        787.39        801.45
  816.52        832.58        849.76        868.39        888.68
  910.75        934.49        960.42        988.91       1020.81
 1055.46       1119.47683066 1186.87813924 1257.70455871 1332.08946693
 1410.0504377  1491.71644082 1577.00308361 1666.03923327 1758.39124681
 1854.17037679 1952.26243886 2052.57337406 2153.75316235 2254.86784516
 2356.00096628 2455.07707956 2552.61312733 2648.76216424 2743.24163109
 2836.22222222 2928.17143918 3020.11537188 3111.85958617 3203.29984937
 3295.35802382 3388.9742289  3483.88224634 3579.87917824 3677.50777132
 3778.14707022 3881.48118946 3987.39545197 4095.79207899 4209.86599681
 4329.9835601 ]
[ 546.66        548.09        549.62        550.74        551.72
  552.92        554.3         555.93        557.83        560.13
  562.8         566.47        569.8         579.09        590.01
  598.1         602.61        605.92        609.74        613.8
  618.16        622.82        627.74        632.92        638.37
  644.09        650.56        657.5         664.24        670.71
  677.03        683.3         689.59        695.99        702.48
  712.28        716.56        724.38        732.82        741.95
  751.78        762.57        774.46        787.39        801.45
  816.52        832.58        849.76        868.39        888.68
  910.75        934.49        960.42        988.91       1020.81
 1055.46       1119.47683066 1186.87813924 1257.70455871 1332.08946693
 1410.0504377  1491.71644082 1577.00308361 1666.03923327 1758.39124681
 1854.17037679 1952.26243886 2052.57337406 2153.75316235 2254.86784516
 2356.00096628 2455.07707956 2552.61312733 2648.76216424 2743.24163109
 2836.22222222 2928.17143918 3020.11537188 3111.85958617 3203.29984937
 3295.35802382 3388.9742289  3483.88224634 3579.87917824 3677.50777132
 3778.14707022 3881.48118946 3987.39545197 4095.79207899 4209.86599681
 4329.9835601 ]
[ 546.66        548.09        549.62        550.74        551.72
  552.92        554.3         555.93        557.83        560.13
  562.8         566.47        569.8         579.09        590.01
  598.1         602.61        605.92        609.74        613.8
  618.16        622.82        627.74        632.92        638.37
  644.09        650.56        657.5         664.24        670.71
  677.03        683.3         689.59        695.99        702.48
  709.28        719.56        724.38        732.82        741.95
  751.78        762.57        774.46        787.39        801.45
  816.52        832.58        849.76        868.39        888.68
  910.75        934.49        960.42        988.91       1020.81
 1055.46       1119.47683066 1186.87813924 1257.70455871 1332.08946693
 1410.0504377  1491.71644082 1577.00308361 1666.03923327 1758.39124681
 1854.17037679 1952.26243886 2052.57337406 2153.75316235 2254.86784516
 2356.00096628 2455.07707956 2552.61312733 2648.76216424 2743.24163109
 2836.22222222 2928.17143918 3020.11537188 3111.85958617 3203.29984937
 3295.35802382 3388.9742289  3483.88224634 3579.87917824 3677.50777132
 3778.14707022 3881.48118946 3987.39545197 4095.79207899 4209.86599681
 4329.9835601 ]
[ 546.66        548.09        549.62        550.74        551.72
  552.92        554.3         555.93        557.83        560.13
  562.8         566.47        569.8         579.09        590.01
  598.1         602.61        605.92        609.74        613.8
  618.16        622.82        627.74        632.92        638.37
  644.09        650.56        657.5         664.24        670.71
  677.03        683.3         689.59        695.99        702.48
  709.28        716.56        727.38        732.82        741.95
  751.78        762.57        774.46        787.39        801.45
  816.52        832.58        849.76        868.39        888.68
  910.75        934.49        960.42        988.91       1020.81
 1055.46       1119.47683066 1186.87813924 1257.70455871 1332.08946693
 1410.0504377  1491.71644082 1577.00308361 1666.03923327 1758.39124681
 1854.17037679 1952.26243886 2052.57337406 2153.75316235 2254.86784516
 2356.00096628 2455.07707956 2552.61312733 2648.76216424 2743.24163109
 2836.22222222 2928.17143918 3020.11537188 3111.85958617 3203.29984937
 3295.35802382 3388.9742289  3483.88224634 3579.87917824 3677.50777132
 3778.14707022 3881.48118946 3987.39545197 4095.79207899 4209.86599681
 4329.9835601 ]
[ 546.66        548.09        549.62        550.74        551.72
  552.92        554.3         555.93        557.83        560.13
  562.8         566.47        569.8         579.09        590.01
  598.1         602.61        605.92        609.74        613.8
  618.16        622.82        627.74        632.92        638.37
  644.09        650.56        657.5         664.24        670.71
  677.03        683.3         689.59        695.99        702.48
  709.28        716.56        724.38        735.82        741.95
  751.78        762.57        774.46        787.39        801.45
  816.52        832.58        849.76        868.39        888.68
  910.75        934.49        960.42        988.91       1020.81
 1055.46       1119.47683066 1186.87813924 1257.70455871 1332.08946693
 1410.0504377  1491.71644082 1577.00308361 1666.03923327 1758.39124681
 1854.17037679 1952.26243886 2052.57337406 2153.75316235 2254.86784516
 2356.00096628 2455.07707956 2552.61312733 2648.76216424 2743.24163109
 2836.22222222 2928.17143918 3020.11537188 3111.85958617 3203.29984937
 3295.35802382 3388.9742289  3483.88224634 3579.87917824 3677.50777132
 3778.14707022 3881.48118946 3987.39545197 4095.79207899 4209.86599681
 4329.9835601 ]
[ 546.66        548.09        549.62        550.74        551.72
  552.92        554.3         555.93        557.83        560.13
  562.8         566.47        569.8         579.09        590.01
  598.1         602.61        605.92        609.74        613.8
  618.16        622.82        627.74        632.92        638.37
  644.09        650.56        657.5         664.24        670.71
  677.03        683.3         689.59        695.99        702.48
  709.28        716.56        724.38        732.82        744.95
  751.78        762.57        774.46        787.39        801.45
  816.52        832.58        849.76        868.39        888.68
  910.75        934.49        960.42        988.91       1020.81
 1055.46       1119.47683066 1186.87813924 1257.70455871 1332.08946693
 1410.0504377  1491.71644082 1577.00308361 1666.03923327 1758.39124681
 1854.17037679 1952.26243886 2052.57337406 2153.75316235 2254.86784516
 2356.00096628 2455.07707956 2552.61312733 2648.76216424 2743.24163109
 2836.22222222 2928.17143918 3020.11537188 3111.85958617 3203.29984937
 3295.35802382 3388.9742289  3483.88224634 3579.87917824 3677.50777132
 3778.14707022 3881.48118946 3987.39545197 4095.79207899 4209.86599681
 4329.9835601 ]
[ 546.66        548.09        549.62        550.74        551.72
  552.92        554.3         555.93        557.83        560.13
  562.8         566.47        569.8         579.09        590.01
  598.1         602.61        605.92        609.74        613.8
  618.16        622.82        627.74        632.92        638.37
  644.09        650.56        657.5         664.24        670.71
  677.03        683.3         689.59        695.99        702.48
  709.28        716.56        724.38        732.82        741.95
  754.78        762.57        774.46        787.39        801.45
  816.52        832.58        849.76        868.39        888.68
  910.75        934.49        960.42        988.91       1020.81
 1055.46       1119.47683066 1186.87813924 1257.70455871 1332.08946693
 1410.0504377  1491.71644082 1577.00308361 1666.03923327 1758.39124681
 1854.17037679 1952.26243886 2052.57337406 2153.75316235 2254.86784516
 2356.00096628 2455.07707956 2552.61312733 2648.76216424 2743.24163109
 2836.22222222 2928.17143918 3020.11537188 3111.85958617 3203.29984937
 3295.35802382 3388.9742289  3483.88224634 3579.87917824 3677.50777132
 3778.14707022 3881.48118946 3987.39545197 4095.79207899 4209.86599681
 4329.9835601 ]
[ 546.66        548.09        549.62        550.74        551.72
  552.92        554.3         555.93        557.83        560.13
  562.8         566.47        569.8         579.09        590.01
  598.1         602.61        605.92        609.74        613.8
  618.16        622.82        627.74        632.92        638.37
  644.09        650.56        657.5         664.24        670.71
  677.03        683.3         689.59        695.99        702.48
  709.28        716.56        724.38        732.82        741.95
  751.78        765.57        774.46        787.39        801.45
  816.52        832.58        849.76        868.39        888.68
  910.75        934.49        960.42        988.91       1020.81
 1055.46       1119.47683066 1186.87813924 1257.70455871 1332.08946693
 1410.0504377  1491.71644082 1577.00308361 1666.03923327 1758.39124681
 1854.17037679 1952.26243886 2052.57337406 2153.75316235 2254.86784516
 2356.00096628 2455.07707956 2552.61312733 2648.76216424 2743.24163109
 2836.22222222 2928.17143918 3020.11537188 3111.85958617 3203.29984937
 3295.35802382 3388.9742289  3483.88224634 3579.87917824 3677.50777132
 3778.14707022 3881.48118946 3987.39545197 4095.79207899 4209.86599681
 4329.9835601 ]
[ 546.66        548.09        549.62        550.74        551.72
  552.92        554.3         555.93        557.83        560.13
  562.8         566.47        569.8         579.09        590.01
  598.1         602.61        605.92        609.74        613.8
  618.16        622.82        627.74        632.92        638.37
  644.09        650.56        657.5         664.24        670.71
  677.03        683.3         689.59        695.99        702.48
  709.28        716.56        724.38        732.82        741.95
  751.78        762.57        777.46        787.39        801.45
  816.52        832.58        849.76        868.39        888.68
  910.75        934.49        960.42        988.91       1020.81
 1055.46       1119.47683066 1186.87813924 1257.70455871 1332.08946693
 1410.0504377  1491.71644082 1577.00308361 1666.03923327 1758.39124681
 1854.17037679 1952.26243886 2052.57337406 2153.75316235 2254.86784516
 2356.00096628 2455.07707956 2552.61312733 2648.76216424 2743.24163109
 2836.22222222 2928.17143918 3020.11537188 3111.85958617 3203.29984937
 3295.35802382 3388.9742289  3483.88224634 3579.87917824 3677.50777132
 3778.14707022 3881.48118946 3987.39545197 4095.79207899 4209.86599681
 4329.9835601 ]
[ 546.66        548.09        549.62        550.74        551.72
  552.92        554.3         555.93        557.83        560.13
  562.8         566.47        569.8         579.09        590.01
  598.1         602.61        605.92        609.74        613.8
  618.16        622.82        627.74        632.92        638.37
  644.09        650.56        657.5         664.24        670.71
  677.03        683.3         689.59        695.99        702.48
  709.28        716.56        724.38        732.82        741.95
  751.78        762.57        774.46        790.39        801.45
  816.52        832.58        849.76        868.39        888.68
  910.75        934.49        960.42        988.91       1020.81
 1055.46       1119.47683066 1186.87813924 1257.70455871 1332.08946693
 1410.0504377  1491.71644082 1577.00308361 1666.03923327 1758.39124681
 1854.17037679 1952.26243886 2052.57337406 2153.75316235 2254.86784516
 2356.00096628 2455.07707956 2552.61312733 2648.76216424 2743.24163109
 2836.22222222 2928.17143918 3020.11537188 3111.85958617 3203.29984937
 3295.35802382 3388.9742289  3483.88224634 3579.87917824 3677.50777132
 3778.14707022 3881.48118946 3987.39545197 4095.79207899 4209.86599681
 4329.9835601 ]
[ 546.66        548.09        549.62        550.74        551.72
  552.92        554.3         555.93        557.83        560.13
  562.8         566.47        569.8         579.09        590.01
  598.1         602.61        605.92        609.74        613.8
  618.16        622.82        627.74        632.92        638.37
  644.09        650.56        657.5         664.24        670.71
  677.03        683.3         689.59        695.99        702.48
  709.28        716.56        724.38        732.82        741.95
  751.78        762.57        774.46        787.39        804.45
  816.52        832.58        849.76        868.39        888.68
  910.75        934.49        960.42        988.91       1020.81
 1055.46       1119.47683066 1186.87813924 1257.70455871 1332.08946693
 1410.0504377  1491.71644082 1577.00308361 1666.03923327 1758.39124681
 1854.17037679 1952.26243886 2052.57337406 2153.75316235 2254.86784516
 2356.00096628 2455.07707956 2552.61312733 2648.76216424 2743.24163109
 2836.22222222 2928.17143918 3020.11537188 3111.85958617 3203.29984937
 3295.35802382 3388.9742289  3483.88224634 3579.87917824 3677.50777132
 3778.14707022 3881.48118946 3987.39545197 4095.79207899 4209.86599681
 4329.9835601 ]
[ 546.66        548.09        549.62        550.74        551.72
  552.92        554.3         555.93        557.83        560.13
  562.8         566.47        569.8         579.09        590.01
  598.1         602.61        605.92        609.74        613.8
  618.16        622.82        627.74        632.92        638.37
  644.09        650.56        657.5         664.24        670.71
  677.03        683.3         689.59        695.99        702.48
  709.28        716.56        724.38        732.82        741.95
  751.78        762.57        774.46        787.39        801.45
  819.52        832.58        849.76        868.39        888.68
  910.75        934.49        960.42        988.91       1020.81
 1055.46       1119.47683066 1186.87813924 1257.70455871 1332.08946693
 1410.0504377  1491.71644082 1577.00308361 1666.03923327 1758.39124681
 1854.17037679 1952.26243886 2052.57337406 2153.75316235 2254.86784516
 2356.00096628 2455.07707956 2552.61312733 2648.76216424 2743.24163109
 2836.22222222 2928.17143918 3020.11537188 3111.85958617 3203.29984937
 3295.35802382 3388.9742289  3483.88224634 3579.87917824 3677.50777132
 3778.14707022 3881.48118946 3987.39545197 4095.79207899 4209.86599681
 4329.9835601 ]
[ 546.66        548.09        549.62        550.74        551.72
  552.92        554.3         555.93        557.83        560.13
  562.8         566.47        569.8         579.09        590.01
  598.1         602.61        605.92        609.74        613.8
  618.16        622.82        627.74        632.92        638.37
  644.09        650.56        657.5         664.24        670.71
  677.03        683.3         689.59        695.99        702.48
  709.28        716.56        724.38        732.82        741.95
  751.78        762.57        774.46        787.39        801.45
  816.52        835.58        849.76        868.39        888.68
  910.75        934.49        960.42        988.91       1020.81
 1055.46       1119.47683066 1186.87813924 1257.70455871 1332.08946693
 1410.0504377  1491.71644082 1577.00308361 1666.03923327 1758.39124681
 1854.17037679 1952.26243886 2052.57337406 2153.75316235 2254.86784516
 2356.00096628 2455.07707956 2552.61312733 2648.76216424 2743.24163109
 2836.22222222 2928.17143918 3020.11537188 3111.85958617 3203.29984937
 3295.35802382 3388.9742289  3483.88224634 3579.87917824 3677.50777132
 3778.14707022 3881.48118946 3987.39545197 4095.79207899 4209.86599681
 4329.9835601 ]
[ 546.66        548.09        549.62        550.74        551.72
  552.92        554.3         555.93        557.83        560.13
  562.8         566.47        569.8         579.09        590.01
  598.1         602.61        605.92        609.74        613.8
  618.16        622.82        627.74        632.92        638.37
  644.09        650.56        657.5         664.24        670.71
  677.03        683.3         689.59        695.99        702.48
  709.28        716.56        724.38        732.82        741.95
  751.78        762.57        774.46        787.39        801.45
  816.52        832.58        852.76        868.39        888.68
  910.75        934.49        960.42        988.91       1020.81
 1055.46       1119.47683066 1186.87813924 1257.70455871 1332.08946693
 1410.0504377  1491.71644082 1577.00308361 1666.03923327 1758.39124681
 1854.17037679 1952.26243886 2052.57337406 2153.75316235 2254.86784516
 2356.00096628 2455.07707956 2552.61312733 2648.76216424 2743.24163109
 2836.22222222 2928.17143918 3020.11537188 3111.85958617 3203.29984937
 3295.35802382 3388.9742289  3483.88224634 3579.87917824 3677.50777132
 3778.14707022 3881.48118946 3987.39545197 4095.79207899 4209.86599681
 4329.9835601 ]
[ 546.66        548.09        549.62        550.74        551.72
  552.92        554.3         555.93        557.83        560.13
  562.8         566.47        569.8         579.09        590.01
  598.1         602.61        605.92        609.74        613.8
  618.16        622.82        627.74        632.92        638.37
  644.09        650.56        657.5         664.24        670.71
  677.03        683.3         689.59        695.99        702.48
  709.28        716.56        724.38        732.82        741.95
  751.78        762.57        774.46        787.39        801.45
  816.52        832.58        849.76        871.39        888.68
  910.75        934.49        960.42        988.91       1020.81
 1055.46       1119.47683066 1186.87813924 1257.70455871 1332.08946693
 1410.0504377  1491.71644082 1577.00308361 1666.03923327 1758.39124681
 1854.17037679 1952.26243886 2052.57337406 2153.75316235 2254.86784516
 2356.00096628 2455.07707956 2552.61312733 2648.76216424 2743.24163109
 2836.22222222 2928.17143918 3020.11537188 3111.85958617 3203.29984937
 3295.35802382 3388.9742289  3483.88224634 3579.87917824 3677.50777132
 3778.14707022 3881.48118946 3987.39545197 4095.79207899 4209.86599681
 4329.9835601 ]
[ 546.66        548.09        549.62        550.74        551.72
  552.92        554.3         555.93        557.83        560.13
  562.8         566.47        569.8         579.09        590.01
  598.1         602.61        605.92        609.74        613.8
  618.16        622.82        627.74        632.92        638.37
  644.09        650.56        657.5         664.24        670.71
  677.03        683.3         689.59        695.99        702.48
  709.28        716.56        724.38        732.82        741.95
  751.78        762.57        774.46        787.39        801.45
  816.52        832.58        849.76        868.39        891.68
  910.75        934.49        960.42        988.91       1020.81
 1055.46       1119.47683066 1186.87813924 1257.70455871 1332.08946693
 1410.0504377  1491.71644082 1577.00308361 1666.03923327 1758.39124681
 1854.17037679 1952.26243886 2052.57337406 2153.75316235 2254.86784516
 2356.00096628 2455.07707956 2552.61312733 2648.76216424 2743.24163109
 2836.22222222 2928.17143918 3020.11537188 3111.85958617 3203.29984937
 3295.35802382 3388.9742289  3483.88224634 3579.87917824 3677.50777132
 3778.14707022 3881.48118946 3987.39545197 4095.79207899 4209.86599681
 4329.9835601 ]
[ 546.66        548.09        549.62        550.74        551.72
  552.92        554.3         555.93        557.83        560.13
  562.8         566.47        569.8         579.09        590.01
  598.1         602.61        605.92        609.74        613.8
  618.16        622.82        627.74        632.92        638.37
  644.09        650.56        657.5         664.24        670.71
  677.03        683.3         689.59        695.99        702.48
  709.28        716.56        724.38        732.82        741.95
  751.78        762.57        774.46        787.39        801.45
  816.52        832.58        849.76        868.39        888.68
  913.75        934.49        960.42        988.91       1020.81
 1055.46       1119.47683066 1186.87813924 1257.70455871 1332.08946693
 1410.0504377  1491.71644082 1577.00308361 1666.03923327 1758.39124681
 1854.17037679 1952.26243886 2052.57337406 2153.75316235 2254.86784516
 2356.00096628 2455.07707956 2552.61312733 2648.76216424 2743.24163109
 2836.22222222 2928.17143918 3020.11537188 3111.85958617 3203.29984937
 3295.35802382 3388.9742289  3483.88224634 3579.87917824 3677.50777132
 3778.14707022 3881.48118946 3987.39545197 4095.79207899 4209.86599681
 4329.9835601 ]
[ 546.66        548.09        549.62        550.74        551.72
  552.92        554.3         555.93        557.83        560.13
  562.8         566.47        569.8         579.09        590.01
  598.1         602.61        605.92        609.74        613.8
  618.16        622.82        627.74        632.92        638.37
  644.09        650.56        657.5         664.24        670.71
  677.03        683.3         689.59        695.99        702.48
  709.28        716.56        724.38        732.82        741.95
  751.78        762.57        774.46        787.39        801.45
  816.52        832.58        849.76        868.39        888.68
  910.75        937.49        960.42        988.91       1020.81
 1055.46       1119.47683066 1186.87813924 1257.70455871 1332.08946693
 1410.0504377  1491.71644082 1577.00308361 1666.03923327 1758.39124681
 1854.17037679 1952.26243886 2052.57337406 2153.75316235 2254.86784516
 2356.00096628 2455.07707956 2552.61312733 2648.76216424 2743.24163109
 2836.22222222 2928.17143918 3020.11537188 3111.85958617 3203.29984937
 3295.35802382 3388.9742289  3483.88224634 3579.87917824 3677.50777132
 3778.14707022 3881.48118946 3987.39545197 4095.79207899 4209.86599681
 4329.9835601 ]
[ 546.66        548.09        549.62        550.74        551.72
  552.92        554.3         555.93        557.83        560.13
  562.8         566.47        569.8         579.09        590.01
  598.1         602.61        605.92        609.74        613.8
  618.16        622.82        627.74        632.92        638.37
  644.09        650.56        657.5         664.24        670.71
  677.03        683.3         689.59        695.99        702.48
  709.28        716.56        724.38        732.82        741.95
  751.78        762.57        774.46        787.39        801.45
  816.52        832.58        849.76        868.39        888.68
  910.75        934.49        963.42        988.91       1020.81
 1055.46       1119.47683066 1186.87813924 1257.70455871 1332.08946693
 1410.0504377  1491.71644082 1577.00308361 1666.03923327 1758.39124681
 1854.17037679 1952.26243886 2052.57337406 2153.75316235 2254.86784516
 2356.00096628 2455.07707956 2552.61312733 2648.76216424 2743.24163109
 2836.22222222 2928.17143918 3020.11537188 3111.85958617 3203.29984937
 3295.35802382 3388.9742289  3483.88224634 3579.87917824 3677.50777132
 3778.14707022 3881.48118946 3987.39545197 4095.79207899 4209.86599681
 4329.9835601 ]
[ 546.66        548.09        549.62        550.74        551.72
  552.92        554.3         555.93        557.83        560.13
  562.8         566.47        569.8         579.09        590.01
  598.1         602.61        605.92        609.74        613.8
  618.16        622.82        627.74        632.92        638.37
  644.09        650.56        657.5         664.24        670.71
  677.03        683.3         689.59        695.99        702.48
  709.28        716.56        724.38        732.82        741.95
  751.78        762.57        774.46        787.39        801.45
  816.52        832.58        849.76        868.39        888.68
  910.75        934.49        960.42        991.91       1020.81
 1055.46       1119.47683066 1186.87813924 1257.70455871 1332.08946693
 1410.0504377  1491.71644082 1577.00308361 1666.03923327 1758.39124681
 1854.17037679 1952.26243886 2052.57337406 2153.75316235 2254.86784516
 2356.00096628 2455.07707956 2552.61312733 2648.76216424 2743.24163109
 2836.22222222 2928.17143918 3020.11537188 3111.85958617 3203.29984937
 3295.35802382 3388.9742289  3483.88224634 3579.87917824 3677.50777132
 3778.14707022 3881.48118946 3987.39545197 4095.79207899 4209.86599681
 4329.9835601 ]
[ 546.66        548.09        549.62        550.74        551.72
  552.92        554.3         555.93        557.83        560.13
  562.8         566.47        569.8         579.09        590.01
  598.1         602.61        605.92        609.74        613.8
  618.16        622.82        627.74        632.92        638.37
  644.09        650.56        657.5         664.24        670.71
  677.03        683.3         689.59        695.99        702.48
  709.28        716.56        724.38        732.82        741.95
  751.78        762.57        774.46        787.39        801.45
  816.52        832.58        849.76        868.39        888.68
  910.75        934.49        960.42        988.91       1023.81
 1055.46       1119.47683066 1186.87813924 1257.70455871 1332.08946693
 1410.0504377  1491.71644082 1577.00308361 1666.03923327 1758.39124681
 1854.17037679 1952.26243886 2052.57337406 2153.75316235 2254.86784516
 2356.00096628 2455.07707956 2552.61312733 2648.76216424 2743.24163109
 2836.22222222 2928.17143918 3020.11537188 3111.85958617 3203.29984937
 3295.35802382 3388.9742289  3483.88224634 3579.87917824 3677.50777132
 3778.14707022 3881.48118946 3987.39545197 4095.79207899 4209.86599681
 4329.9835601 ]
[ 546.66        548.09        549.62        550.74        551.72
  552.92        554.3         555.93        557.83        560.13
  562.8         566.47        569.8         579.09        590.01
  598.1         602.61        605.92        609.74        613.8
  618.16        622.82        627.74        632.92        638.37
  644.09        650.56        657.5         664.24        670.71
  677.03        683.3         689.59        695.99        702.48
  709.28        716.56        724.38        732.82        741.95
  751.78        762.57        774.46        787.39        801.45
  816.52        832.58        849.76        868.39        888.68
  910.75        934.49        960.42        988.91       1020.81
 1058.46       1122.63607389 1190.22759376 1261.25389043 1335.84871815
 1414.02970032 1495.92617071 1581.45349847 1670.74091448 1763.35355196
 1859.40297746 1957.77186231 2058.36588211 2159.83120695 2261.23124258
 2362.64976857 2462.00548168 2559.81678312 2656.23715944 2750.98325407
 2844.22624305 2936.43494723 3028.63835225 3120.64147523 3212.33978937
 3304.65775853 3398.5381552  3493.71400982 3589.98185188 3687.8859598
 3788.80926995 3892.43500543 3998.64816552 4107.35069553 4221.74653806
 4342.20308166]
Iteration number  0 , min , max temp  557.2147559776967 4322.912789969692 , flux balance  18487.819966127427
Traceback (most recent call last):
  File "/home/adityars/picaso/scripts/bdgrid_problempoint.py", line 56, in <module>
    cl_run.climate(opacity_ck, save_all_profiles=True,with_spec=True)
  File "/home/adityars/picaso/picaso/justdoit.py", line 4169, in climate
    if chemeq_first: pressure, temperature, dtdp, profile_flag, all_profiles,opd_cld_climate,g0_cld_climate,w0_cld_climate,cld_out,flux_net_ir_layer, flux_plus_ir_attop, all_opd, all_cld_out, all_nstr_out = profile(mieff_dir,it_max, itmx, conv, convt, nofczns,nstr,x_max_mult,
                                                                                                                                                                                                               ^^^^^^^^^^^^^^^^^^^^^^^^^^^^^^^^^^^^^^^^^^^^^^^^^^^^^^^^^^^^^^^^^^^^^
  File "/home/adityars/picaso/picaso/justdoit.py", line 5235, in profile
    temp, dtdp, flag_converge, flux_net_ir_layer, flux_plus_ir_attop, all_profiles, cldsave_count = t_start(
                                                                                                    ^^^^^^^^
  File "/home/adityars/picaso/picaso/climate.py", line 1024, in t_start
    assert False
AssertionError
Sun Mar 30 23:45:01 PDT 2025
