/home/adityars/picaso
node067
Sun Mar 30 23:32:34 PDT 2025
fsed = 3, effective temperature = 1100 K, nstr_upper = 55
Cloudy functionality still in beta form and not ready for public use.
1049.2604707927012 0.2879051583918863 0.0950118507318144 0.07742636826811278
1112.9480207163224
Traceback (most recent call last):
  File "/home/adityars/picaso/scripts/bdgrid_problempoint.py", line 56, in <module>
    cl_run.climate(opacity_ck, save_all_profiles=True,with_spec=True)
  File "/home/adityars/picaso/picaso/justdoit.py", line 4169, in climate
    if chemeq_first: pressure, temperature, dtdp, profile_flag, all_profiles,opd_cld_climate,g0_cld_climate,w0_cld_climate,cld_out,flux_net_ir_layer, flux_plus_ir_attop, all_opd, all_cld_out, all_nstr_out = profile(mieff_dir,it_max, itmx, conv, convt, nofczns,nstr,x_max_mult,
                                                                                                                                                                                                               ^^^^^^^^^^^^^^^^^^^^^^^^^^^^^^^^^^^^^^^^^^^^^^^^^^^^^^^^^^^^^^^^^^^^^
  File "/home/adityars/picaso/picaso/justdoit.py", line 5235, in profile
    temp, dtdp, flag_converge, flux_net_ir_layer, flux_plus_ir_attop, all_profiles, cldsave_count = t_start(
                                                                                                    ^^^^^^^^
  File "/home/adityars/picaso/picaso/climate.py", line 884, in t_start
    assert False
AssertionError
Sun Mar 30 23:34:36 PDT 2025
