/home/adityars/picaso
node067
Mon Mar 31 00:09:43 PDT 2025
fsed = 3, effective temperature = 1100 K, nstr_upper = 55
Cloudy functionality still in beta form and not ready for public use.
[2.24138869e+09 2.24138872e+09 2.24138874e+09 2.24138878e+09
 2.24138883e+09 2.24138890e+09 2.24138899e+09 2.24138911e+09
 2.24138926e+09 2.24138947e+09 2.24138974e+09 2.24139011e+09
 2.24139059e+09 2.24139112e+09 2.24139168e+09 2.24139234e+09
 2.24139317e+09 2.24139421e+09 2.24139547e+09 2.24139701e+09
 2.24139894e+09 2.24140143e+09 2.24140472e+09 2.24140897e+09
 2.24141436e+09 2.24142133e+09 2.24143018e+09 2.24144106e+09
 2.24145426e+09 2.24147021e+09 2.24148987e+09 2.24151493e+09
 2.24154789e+09 2.24159263e+09 2.24164965e+09 2.24171788e+09
 2.24180072e+09 2.24190473e+09 2.24204015e+09 2.24221961e+09
 2.24244301e+09 2.24270773e+09 2.24302986e+09 2.24344218e+09
 2.24397000e+09 2.24460849e+09 2.24535705e+09 2.24623398e+09
 2.24726222e+09 2.24851222e+09 2.24998139e+09 2.25158727e+09
 2.25333136e+09 2.25527578e+09 2.25746491e+09 2.25978179e+09
 2.26196855e+09 2.26416933e+09 2.26653089e+09 2.26908659e+09
 2.27174425e+09 2.27431562e+09 2.27668264e+09 2.27902527e+09
 2.28190475e+09 2.28590820e+09 2.29065059e+09 2.29245643e+09
 2.28652432e+09 2.26776997e+09 2.22926002e+09 2.16385750e+09
 2.06342954e+09 1.91991689e+09 1.72773934e+09 1.48843422e+09
 1.21417696e+09 9.29124217e+08 6.68630100e+08 4.65484654e+08
 3.26821752e+08 2.34355493e+08 1.71467504e+08 1.27638145e+08
 9.34622285e+07 6.51291865e+07 4.49255239e+07 3.09717795e+07
 2.19479598e+07 8.32236346e+06 0.00000000e+00] 3.0
Traceback (most recent call last):
  File "/home/adityars/picaso/scripts/bdgrid_problempoint.py", line 56, in <module>
    cl_run.climate(opacity_ck, save_all_profiles=True,with_spec=True)
  File "/home/adityars/picaso/picaso/justdoit.py", line 4169, in climate
    if chemeq_first: pressure, temperature, dtdp, profile_flag, all_profiles,opd_cld_climate,g0_cld_climate,w0_cld_climate,cld_out,flux_net_ir_layer, flux_plus_ir_attop, all_opd, all_cld_out, all_nstr_out = profile(mieff_dir,it_max, itmx, conv, convt, nofczns,nstr,x_max_mult,
                                                                                                                                                                                                               ^^^^^^^^^^^^^^^^^^^^^^^^^^^^^^^^^^^^^^^^^^^^^^^^^^^^^^^^^^^^^^^^^^^^^
  File "/home/adityars/picaso/picaso/justdoit.py", line 5235, in profile
    temp, dtdp, flag_converge, flux_net_ir_layer, flux_plus_ir_attop, all_profiles, cldsave_count = t_start(
                                                                                                    ^^^^^^^^
  File "/home/adityars/picaso/picaso/climate.py", line 731, in t_start
    assert False
AssertionError
Mon Mar 31 00:11:34 PDT 2025
