/home/adityars/picaso
node067
Sun Mar 30 23:50:03 PDT 2025
fsed = 3, effective temperature = 1100 K, nstr_upper = 55
Cloudy functionality still in beta form and not ready for public use.
[ 546.66        548.09        549.62        550.74        551.72
  552.92        554.3         555.93        557.83        560.13
  562.8         566.47        569.8         579.09        590.01
  598.1         602.61        605.92        609.74        613.8
  618.16        622.82        627.74        632.92        638.37
  644.09        650.56        657.5         664.24        670.71
  677.03        683.3         689.59        695.99        702.48
  709.28        716.56        724.38        732.82        741.95
  751.78        762.57        774.46        787.39        801.45
  816.52        832.58        849.76        868.39        888.68
  910.75        934.49        960.42        988.91       1020.81
 1058.46       1122.63607389 1190.22759376 1261.25389043 1335.84871815
 1414.02970032 1495.92617071 1581.45349847 1670.74091448 1763.35355196
 1859.40297746 1957.77186231 2058.36588211 2159.83120695 2261.23124258
 2362.64976857 2462.00548168 2559.81678312 2656.23715944 2750.98325407
 2844.22624305 2936.43494723 3028.63835225 3120.64147523 3212.33978937
 3304.65775853 3398.5381552  3493.71400982 3589.98185188 3687.8859598
 3788.80926995 3892.43500543 3998.64816552 4107.35069553 4221.74653806
 4342.20308166]
[ 557.21475598  559.44400001  561.22683946  562.21884021  563.25624808
  564.50956258  565.76113609  567.11544894  568.66021993  570.60252698
  572.81949694  576.05106111  578.48044395  587.24879625  598.41767712
  606.81139421  611.21710839  614.07482208  617.44618058  621.08841482
  625.08533317  629.43151428  634.1264139   639.02614856  644.17580031
  649.64017362  656.00857298  663.05729061  669.96531109  676.56035597
  683.00633667  689.42834816  695.89043008  702.53226421  709.10111503
  715.81367872  723.02228961  730.79538319  739.21015648  748.3378495
  757.98607125  768.41890289  779.96816194  792.61171794  806.51129819
  821.43567507  837.23239417  853.93880954  871.88005819  891.46310147
  912.89012574  935.89529988  960.84125969  988.12471066 1019.1966661
 1049.26047079 1122.63607389 1190.22759376 1261.25389043 1335.84871815
 1414.02970032 1495.92617071 1581.45349847 1670.74091448 1763.35355196
 1859.40297746 1957.77186231 2058.36588211 2159.83120695 2261.23124258
 2362.64976857 2462.00548168 2559.81678312 2656.23715944 2750.98325407
 2844.22624305 2936.43494723 3028.63835225 3120.64147523 3212.33978937
 3304.65775853 3398.5381552  3493.71400982 3589.98185188 3687.8859598
 3788.80926995 3892.43500543 3998.64816552 4107.35069553 4221.74653806
 4342.20308166]
Iteration number  0 , min , max temp  557.2147559776967 4322.912789969692 , flux balance  18487.819966127427
Traceback (most recent call last):
  File "/home/adityars/picaso/scripts/bdgrid_problempoint.py", line 56, in <module>
    cl_run.climate(opacity_ck, save_all_profiles=True,with_spec=True)
  File "/home/adityars/picaso/picaso/justdoit.py", line 4169, in climate
    if chemeq_first: pressure, temperature, dtdp, profile_flag, all_profiles,opd_cld_climate,g0_cld_climate,w0_cld_climate,cld_out,flux_net_ir_layer, flux_plus_ir_attop, all_opd, all_cld_out, all_nstr_out = profile(mieff_dir,it_max, itmx, conv, convt, nofczns,nstr,x_max_mult,
                                                                                                                                                                                                               ^^^^^^^^^^^^^^^^^^^^^^^^^^^^^^^^^^^^^^^^^^^^^^^^^^^^^^^^^^^^^^^^^^^^^
  File "/home/adityars/picaso/picaso/justdoit.py", line 5235, in profile
    temp, dtdp, flag_converge, flux_net_ir_layer, flux_plus_ir_attop, all_profiles, cldsave_count = t_start(
                                                                                                    ^^^^^^^^
  File "/home/adityars/picaso/picaso/climate.py", line 1024, in t_start
    assert False
AssertionError
Sun Mar 30 23:51:59 PDT 2025
