/home/adityars/picaso
node067
Sun Mar 30 23:53:31 PDT 2025
fsed = 3, effective temperature = 1100 K, nstr_upper = 55
Cloudy functionality still in beta form and not ready for public use.
[ 546.66        548.09        549.62        550.74        551.72
  552.92        554.3         555.93        557.83        560.13
  562.8         566.47        569.8         579.09        590.01
  598.1         602.61        605.92        609.74        613.8
  618.16        622.82        627.74        632.92        638.37
  644.09        650.56        657.5         664.24        670.71
  677.03        683.3         689.59        695.99        702.48
  709.28        716.56        724.38        732.82        741.95
  751.78        762.57        774.46        787.39        801.45
  816.52        832.58        849.76        868.39        888.68
  910.75        934.49        960.42        988.91       1020.81
 1055.46       1119.47683066 1186.87813924 1257.70455871 1332.08946693
 1410.0504377  1491.71644082 1577.00308361 1666.03923327 1758.39124681
 1854.17037679 1952.26243886 2052.57337406 2153.75316235 2254.86784516
 2356.00096628 2455.07707956 2552.61312733 2648.76216424 2743.24163109
 2836.22222222 2928.17143918 3020.11537188 3111.85958617 3203.29984937
 3295.35802382 3388.9742289  3483.88224634 3579.87917824 3677.50777132
 3778.14707022 3881.48118946 3987.39545197 4095.79207899 4209.86599681
 4329.9835601 ] 1.0 [10.55475598 11.35400001 11.60683946 11.47884021 11.53624808 11.58956258
 11.46113609 11.18544894 10.83021993 10.47252698 10.01949694  9.58106111
  8.68044395  8.15879625  8.40767712  8.71139421  8.60710839  8.15482208
  7.70618058  7.28841482  6.92533317  6.61151428  6.3864139   6.10614856
  5.80580031  5.55017362  5.44857298  5.55729061  5.72531109  5.85035597
  5.97633667  6.12834816  6.30043008  6.54226421  6.62111503  6.53367872
  6.46228961  6.41538319  6.39015648  6.3878495   6.20607125  5.84890289
  5.50816194  5.22171794  5.06129819  4.91567507  4.65239417  4.17880954
  3.49005819  2.78310147  2.14012574  1.40529988  0.42125969 -0.78528934
 -1.6133339  -6.19952921  0.          0.          0.          0.
  0.          0.          0.          0.          0.          0.
  0.          0.          0.          0.          0.          0.
  0.          0.          0.          0.          0.          0.
  0.          0.          0.          0.          0.          0.
  0.          0.          0.          0.          0.          0.
  0.        ]
Traceback (most recent call last):
  File "/home/adityars/picaso/scripts/bdgrid_problempoint.py", line 56, in <module>
    cl_run.climate(opacity_ck, save_all_profiles=True,with_spec=True)
  File "/home/adityars/picaso/picaso/justdoit.py", line 4169, in climate
    if chemeq_first: pressure, temperature, dtdp, profile_flag, all_profiles,opd_cld_climate,g0_cld_climate,w0_cld_climate,cld_out,flux_net_ir_layer, flux_plus_ir_attop, all_opd, all_cld_out, all_nstr_out = profile(mieff_dir,it_max, itmx, conv, convt, nofczns,nstr,x_max_mult,
                                                                                                                                                                                                               ^^^^^^^^^^^^^^^^^^^^^^^^^^^^^^^^^^^^^^^^^^^^^^^^^^^^^^^^^^^^^^^^^^^^^
  File "/home/adityars/picaso/picaso/justdoit.py", line 5235, in profile
    temp, dtdp, flag_converge, flux_net_ir_layer, flux_plus_ir_attop, all_profiles, cldsave_count = t_start(
                                                                                                    ^^^^^^^^
  File "/home/adityars/picaso/picaso/climate.py", line 866, in t_start
    assert False
AssertionError
Sun Mar 30 23:55:28 PDT 2025
