/home/adityars/picaso
node067
Mon Mar 31 00:13:23 PDT 2025
fsed = 3, effective temperature = 1100 K, nstr_upper = 55
Cloudy functionality still in beta form and not ready for public use.
[-3.84795189e-01 -4.52983856e-01 -4.52921867e-01 -4.52839375e-01
 -4.52732086e-01 -4.52589989e-01 -4.52406406e-01 -4.52166557e-01
 -4.51850891e-01 -4.51426983e-01 -4.50845242e-01 -4.50035095e-01
 -4.48863506e-01 -4.47575092e-01 -4.46458340e-01 -4.45368767e-01
 -4.44066048e-01 -4.42385674e-01 -4.40250397e-01 -4.37515736e-01
 -4.33972359e-01 -4.29353714e-01 -4.23289299e-01 -4.15421009e-01
 -4.05312061e-01 -3.92340660e-01 -3.77217770e-01 -3.61763000e-01
 -3.46769333e-01 -3.32148075e-01 -3.17653656e-01 -3.03021908e-01
 -2.88046360e-01 -2.72569180e-01 -2.56702423e-01 -2.40686417e-01
 -2.24568844e-01 -2.08328724e-01 -1.91966057e-01 -1.75717354e-01
 -1.59996986e-01 -1.45026684e-01 -1.31114960e-01 -1.18741035e-01
 -1.09230042e-01 -1.02636814e-01 -9.78422165e-02 -9.37652588e-02
 -8.97121429e-02 -8.54239464e-02 -8.15920830e-02 -7.85741806e-02
 -7.57632256e-02 -7.27906227e-02 -6.99434280e-02 -6.74486160e-02
 -6.51526451e-02 -6.28161430e-02 -6.02684021e-02 -5.73568344e-02
 -5.39140701e-02 -4.96373177e-02 -4.40597534e-02 -3.65104675e-02
 -2.69908905e-02 -1.61967278e-02 -6.01387024e-03  8.54015350e-04
  3.21435928e-03  2.44760513e-03  6.63757324e-04 -7.02381134e-04
 -1.09124184e-03 -8.83340836e-04 -6.00337982e-04 -3.86238098e-04
 -2.33888626e-04 -1.28865242e-04 -6.42538071e-05 -3.02195549e-05
 -1.13248825e-05 -4.35113907e-06 -1.17123127e-05 -7.45058060e-07
 -3.27825546e-07 -9.16421413e-07 -2.23517418e-08 -2.98023224e-08
 -7.48783350e-07  4.66592610e-07  0.00000000e+00]
Traceback (most recent call last):
  File "/home/adityars/picaso/scripts/bdgrid_problempoint.py", line 56, in <module>
    cl_run.climate(opacity_ck, save_all_profiles=True,with_spec=True)
  File "/home/adityars/picaso/picaso/justdoit.py", line 4169, in climate
    if chemeq_first: pressure, temperature, dtdp, profile_flag, all_profiles,opd_cld_climate,g0_cld_climate,w0_cld_climate,cld_out,flux_net_ir_layer, flux_plus_ir_attop, all_opd, all_cld_out, all_nstr_out = profile(mieff_dir,it_max, itmx, conv, convt, nofczns,nstr,x_max_mult,
                                                                                                                                                                                                               ^^^^^^^^^^^^^^^^^^^^^^^^^^^^^^^^^^^^^^^^^^^^^^^^^^^^^^^^^^^^^^^^^^^^^
  File "/home/adityars/picaso/picaso/justdoit.py", line 5235, in profile
    temp, dtdp, flag_converge, flux_net_ir_layer, flux_plus_ir_attop, all_profiles, cldsave_count = t_start(
                                                                                                    ^^^^^^^^
  File "/home/adityars/picaso/picaso/climate.py", line 731, in t_start
    assert False
AssertionError
Mon Mar 31 00:15:20 PDT 2025
